<?xml version="1.0" encoding="UTF-8"?>
<testsuite xmlns:xsi="http://www.w3.org/2001/XMLSchema-instance" xsi:noNamespaceSchemaLocation="https://maven.apache.org/surefire/maven-surefire-plugin/xsd/surefire-test-report-3.0.xsd" version="3.0" name="com.booking.KarateTest" time="4.73" tests="1" errors="0" skipped="0" failures="0">
  <properties>
[...]
</properties>
  <testcase name="runAllFeatures" classname="com.booking.KarateTest" time="4.713">
    <system-out><![CDATA[08:55:13.580 [main] DEBUG com.intuit.karate.Suite -- [config] classpath:karate-config.js
08:55:13.589 [main] DEBUG com.intuit.karate.Suite -- waiting for 8 features to complete
08:55:15.448 [pool-2-thread-3] DEBUG com.jayway.jsonpath.internal.path.CompiledPath -- Evaluating path: $
08:55:15.448 [pool-2-thread-1] DEBUG com.jayway.jsonpath.internal.path.CompiledPath -- Evaluating path: $
08:55:15.448 [pool-2-thread-2] DEBUG com.jayway.jsonpath.internal.path.CompiledPath -- Evaluating path: $
08:55:15.448 [pool-2-thread-4] DEBUG com.jayway.jsonpath.internal.path.CompiledPath -- Evaluating path: $
08:55:15.498 [pool-2-thread-2] DEBUG io.netty.util.internal.logging.InternalLoggerFactory -- Using SLF4J as the default logging framework
08:55:15.500 [pool-2-thread-2] DEBUG io.netty.util.internal.PlatformDependent0 -- -Dio.netty.noUnsafe: false
08:55:15.500 [pool-2-thread-2] DEBUG io.netty.util.internal.PlatformDependent0 -- Java version: 17
08:55:15.501 [pool-2-thread-2] DEBUG io.netty.util.internal.PlatformDependent0 -- sun.misc.Unsafe.theUnsafe: available
08:55:15.502 [pool-2-thread-2] DEBUG io.netty.util.internal.PlatformDependent0 -- sun.misc.Unsafe.copyMemory: available
08:55:15.502 [pool-2-thread-2] DEBUG io.netty.util.internal.PlatformDependent0 -- sun.misc.Unsafe.storeFence: available
08:55:15.503 [pool-2-thread-2] DEBUG io.netty.util.internal.PlatformDependent0 -- java.nio.Buffer.address: available
08:55:15.504 [pool-2-thread-2] DEBUG io.netty.util.internal.PlatformDependent0 -- direct buffer constructor: unavailable: Reflective setAccessible(true) disabled
08:55:15.504 [pool-2-thread-2] DEBUG io.netty.util.internal.PlatformDependent0 -- java.nio.Bits.unaligned: available, true
08:55:15.505 [pool-2-thread-2] DEBUG io.netty.util.internal.PlatformDependent0 -- jdk.internal.misc.Unsafe.allocateUninitializedArray(int): unavailable: class io.netty.util.internal.PlatformDependent0$7 cannot access class jdk.internal.misc.Unsafe (in module java.base) because module java.base does not export jdk.internal.misc to unnamed module @8ff0f5
08:55:15.507 [pool-2-thread-2] DEBUG io.netty.util.internal.PlatformDependent0 -- java.nio.DirectByteBuffer.<init>(long, {int,long}): unavailable
08:55:15.507 [pool-2-thread-2] DEBUG io.netty.util.internal.PlatformDependent -- sun.misc.Unsafe: available
08:55:15.508 [pool-2-thread-2] DEBUG io.netty.util.internal.PlatformDependent -- maxDirectMemory: 4164943872 bytes (maybe)
08:55:15.508 [pool-2-thread-2] DEBUG io.netty.util.internal.PlatformDependent -- -Dio.netty.tmpdir: /tmp (java.io.tmpdir)
08:55:15.508 [pool-2-thread-2] DEBUG io.netty.util.internal.PlatformDependent -- -Dio.netty.bitMode: 64 (sun.arch.data.model)
08:55:15.509 [pool-2-thread-2] DEBUG io.netty.util.internal.PlatformDependent -- -Dio.netty.maxDirectMemory: -1 bytes
08:55:15.509 [pool-2-thread-2] DEBUG io.netty.util.internal.PlatformDependent -- -Dio.netty.uninitializedArrayAllocationThreshold: -1
08:55:15.511 [pool-2-thread-2] DEBUG io.netty.util.internal.CleanerJava9 -- java.nio.ByteBuffer.cleaner(): available
08:55:15.511 [pool-2-thread-2] DEBUG io.netty.util.internal.PlatformDependent -- -Dio.netty.noPreferDirect: false
08:55:15.524 [pool-2-thread-5] DEBUG org.apache.http.client.protocol.RequestAddCookies -- CookieSpec selected: karate
08:55:15.526 [pool-2-thread-3] DEBUG org.apache.http.client.protocol.RequestAddCookies -- CookieSpec selected: karate
08:55:15.526 [pool-2-thread-1] DEBUG org.apache.http.client.protocol.RequestAddCookies -- CookieSpec selected: karate
08:55:15.526 [pool-2-thread-4] DEBUG org.apache.http.client.protocol.RequestAddCookies -- CookieSpec selected: karate
08:55:15.526 [pool-2-thread-2] DEBUG org.apache.http.client.protocol.RequestAddCookies -- CookieSpec selected: karate
08:55:15.539 [pool-2-thread-3] DEBUG org.apache.http.client.protocol.RequestAuthCache -- Auth cache not set in the context
08:55:15.539 [pool-2-thread-2] DEBUG org.apache.http.client.protocol.RequestAuthCache -- Auth cache not set in the context
08:55:15.539 [pool-2-thread-5] DEBUG org.apache.http.client.protocol.RequestAuthCache -- Auth cache not set in the context
08:55:15.539 [pool-2-thread-4] DEBUG org.apache.http.client.protocol.RequestAuthCache -- Auth cache not set in the context
08:55:15.539 [pool-2-thread-1] DEBUG org.apache.http.client.protocol.RequestAuthCache -- Auth cache not set in the context
08:55:15.540 [pool-2-thread-5] DEBUG com.intuit.karate -- request:
1 > GET https://restful-booker.herokuapp.com/booking
1 > Host: restful-booker.herokuapp.com
1 > Connection: Keep-Alive
1 > User-Agent: Apache-HttpClient/4.5.14 (Java/17.0.11)
1 > Accept-Encoding: gzip,deflate


08:55:15.541 [pool-2-thread-4] DEBUG com.intuit.karate -- request:
1 > POST https://restful-booker.herokuapp.com/booking
1 > Content-Type: application/json; charset=UTF-8
1 > Content-Length: 163
1 > Host: restful-booker.herokuapp.com
1 > Connection: Keep-Alive
1 > User-Agent: Apache-HttpClient/4.5.14 (Java/17.0.11)
1 > Accept-Encoding: gzip,deflate
{"firstname":"Get","lastname":"ById","totalprice":500,"depositpaid":true,"bookingdates":{"checkin":"2024-02-01","checkout":"2024-02-05"},"additionalneeds":"Lunch"}

08:55:15.541 [pool-2-thread-2] DEBUG com.intuit.karate -- request:
1 > POST https://restful-booker.herokuapp.com/booking
1 > Content-Type: application/json; charset=UTF-8
1 > Content-Length: 173
1 > Host: restful-booker.herokuapp.com
1 > Connection: Keep-Alive
1 > User-Agent: Apache-HttpClient/4.5.14 (Java/17.0.11)
1 > Accept-Encoding: gzip,deflate
{"firstname":"Kerem","lastname":"Sarisen","totalprice":1500,"depositpaid":true,"bookingdates":{"checkin":"2024-01-01","checkout":"2024-01-10"},"additionalneeds":"Breakfast"}

08:55:15.541 [pool-2-thread-3] DEBUG com.intuit.karate -- request:
1 > POST https://restful-booker.herokuapp.com/auth
1 > Content-Type: application/json; charset=UTF-8
1 > Content-Length: 45
1 > Host: restful-booker.herokuapp.com
1 > Connection: Keep-Alive
1 > User-Agent: Apache-HttpClient/4.5.14 (Java/17.0.11)
1 > Accept-Encoding: gzip,deflate
{"username":"admin","password":"password123"}

08:55:15.541 [pool-2-thread-1] DEBUG com.intuit.karate -- request:
1 > POST https://restful-booker.herokuapp.com/auth
1 > Content-Type: application/json; charset=UTF-8
1 > Content-Length: 45
1 > Host: restful-booker.herokuapp.com
1 > Connection: Keep-Alive
1 > User-Agent: Apache-HttpClient/4.5.14 (Java/17.0.11)
1 > Accept-Encoding: gzip,deflate
{"username":"admin","password":"password123"}

08:55:15.541 [pool-2-thread-5] DEBUG org.apache.http.impl.conn.PoolingHttpClientConnectionManager -- Connection request: [route: {s}->https://restful-booker.herokuapp.com:443][total available: 0; route allocated: 0 of 5; total allocated: 0 of 10]
08:55:15.542 [pool-2-thread-3] DEBUG org.apache.http.impl.conn.PoolingHttpClientConnectionManager -- Connection request: [route: {s}->https://restful-booker.herokuapp.com:443][total available: 0; route allocated: 0 of 5; total allocated: 0 of 10]
08:55:15.542 [pool-2-thread-4] DEBUG org.apache.http.impl.conn.PoolingHttpClientConnectionManager -- Connection request: [route: {s}->https://restful-booker.herokuapp.com:443][total available: 0; route allocated: 0 of 5; total allocated: 0 of 10]
08:55:15.542 [pool-2-thread-2] DEBUG org.apache.http.impl.conn.PoolingHttpClientConnectionManager -- Connection request: [route: {s}->https://restful-booker.herokuapp.com:443][total available: 0; route allocated: 0 of 5; total allocated: 0 of 10]
08:55:15.542 [pool-2-thread-1] DEBUG org.apache.http.impl.conn.PoolingHttpClientConnectionManager -- Connection request: [route: {s}->https://restful-booker.herokuapp.com:443][total available: 0; route allocated: 0 of 5; total allocated: 0 of 10]
08:55:15.561 [pool-2-thread-1] DEBUG org.apache.http.impl.conn.PoolingHttpClientConnectionManager -- Connection leased: [id: 1][route: {s}->https://restful-booker.herokuapp.com:443][total available: 0; route allocated: 1 of 5; total allocated: 1 of 10]
08:55:15.561 [pool-2-thread-2] DEBUG org.apache.http.impl.conn.PoolingHttpClientConnectionManager -- Connection leased: [id: 2][route: {s}->https://restful-booker.herokuapp.com:443][total available: 0; route allocated: 1 of 5; total allocated: 1 of 10]
08:55:15.561 [pool-2-thread-3] DEBUG org.apache.http.impl.conn.PoolingHttpClientConnectionManager -- Connection leased: [id: 3][route: {s}->https://restful-booker.herokuapp.com:443][total available: 0; route allocated: 1 of 5; total allocated: 1 of 10]
08:55:15.561 [pool-2-thread-5] DEBUG org.apache.http.impl.conn.PoolingHttpClientConnectionManager -- Connection leased: [id: 0][route: {s}->https://restful-booker.herokuapp.com:443][total available: 0; route allocated: 1 of 5; total allocated: 1 of 10]
08:55:15.561 [pool-2-thread-4] DEBUG org.apache.http.impl.conn.PoolingHttpClientConnectionManager -- Connection leased: [id: 4][route: {s}->https://restful-booker.herokuapp.com:443][total available: 0; route allocated: 1 of 5; total allocated: 1 of 10]
08:55:15.562 [pool-2-thread-3] DEBUG org.apache.http.impl.execchain.MainClientExec -- Opening connection {s}->https://restful-booker.herokuapp.com:443
08:55:15.562 [pool-2-thread-1] DEBUG org.apache.http.impl.execchain.MainClientExec -- Opening connection {s}->https://restful-booker.herokuapp.com:443
08:55:15.562 [pool-2-thread-5] DEBUG org.apache.http.impl.execchain.MainClientExec -- Opening connection {s}->https://restful-booker.herokuapp.com:443
08:55:15.562 [pool-2-thread-2] DEBUG org.apache.http.impl.execchain.MainClientExec -- Opening connection {s}->https://restful-booker.herokuapp.com:443
08:55:15.562 [pool-2-thread-4] DEBUG org.apache.http.impl.execchain.MainClientExec -- Opening connection {s}->https://restful-booker.herokuapp.com:443
08:55:15.590 [pool-2-thread-1] DEBUG org.apache.http.impl.conn.DefaultHttpClientConnectionOperator -- Connecting to restful-booker.herokuapp.com/54.243.238.66:443
08:55:15.590 [pool-2-thread-4] DEBUG org.apache.http.impl.conn.DefaultHttpClientConnectionOperator -- Connecting to restful-booker.herokuapp.com/54.243.238.66:443
08:55:15.590 [pool-2-thread-5] DEBUG org.apache.http.impl.conn.DefaultHttpClientConnectionOperator -- Connecting to restful-booker.herokuapp.com/54.243.238.66:443
08:55:15.590 [pool-2-thread-2] DEBUG org.apache.http.impl.conn.DefaultHttpClientConnectionOperator -- Connecting to restful-booker.herokuapp.com/54.243.238.66:443
08:55:15.590 [pool-2-thread-3] DEBUG org.apache.http.impl.conn.DefaultHttpClientConnectionOperator -- Connecting to restful-booker.herokuapp.com/54.243.238.66:443
08:55:15.590 [pool-2-thread-1] DEBUG org.apache.http.conn.ssl.SSLConnectionSocketFactory -- Connecting socket to restful-booker.herokuapp.com/54.243.238.66:443 with timeout 30000
08:55:15.590 [pool-2-thread-4] DEBUG org.apache.http.conn.ssl.SSLConnectionSocketFactory -- Connecting socket to restful-booker.herokuapp.com/54.243.238.66:443 with timeout 30000
08:55:15.590 [pool-2-thread-5] DEBUG org.apache.http.conn.ssl.SSLConnectionSocketFactory -- Connecting socket to restful-booker.herokuapp.com/54.243.238.66:443 with timeout 30000
08:55:15.590 [pool-2-thread-2] DEBUG org.apache.http.conn.ssl.SSLConnectionSocketFactory -- Connecting socket to restful-booker.herokuapp.com/54.243.238.66:443 with timeout 30000
08:55:15.590 [pool-2-thread-3] DEBUG org.apache.http.conn.ssl.SSLConnectionSocketFactory -- Connecting socket to restful-booker.herokuapp.com/54.243.238.66:443 with timeout 30000
08:55:15.692 [pool-2-thread-5] DEBUG org.apache.http.conn.ssl.SSLConnectionSocketFactory -- Enabled protocols: [TLSv1.3, TLSv1.2]
08:55:15.692 [pool-2-thread-3] DEBUG org.apache.http.conn.ssl.SSLConnectionSocketFactory -- Enabled protocols: [TLSv1.3, TLSv1.2]
08:55:15.692 [pool-2-thread-5] DEBUG org.apache.http.conn.ssl.SSLConnectionSocketFactory -- Enabled cipher suites:[TLS_AES_256_GCM_SHA384, TLS_AES_128_GCM_SHA256, TLS_CHACHA20_POLY1305_SHA256, TLS_ECDHE_ECDSA_WITH_AES_256_GCM_SHA384, TLS_ECDHE_ECDSA_WITH_AES_128_GCM_SHA256, TLS_ECDHE_ECDSA_WITH_CHACHA20_POLY1305_SHA256, TLS_ECDHE_RSA_WITH_AES_256_GCM_SHA384, TLS_ECDHE_RSA_WITH_CHACHA20_POLY1305_SHA256, TLS_ECDHE_RSA_WITH_AES_128_GCM_SHA256, TLS_DHE_RSA_WITH_AES_256_GCM_SHA384, TLS_DHE_RSA_WITH_CHACHA20_POLY1305_SHA256, TLS_DHE_DSS_WITH_AES_256_GCM_SHA384, TLS_DHE_RSA_WITH_AES_128_GCM_SHA256, TLS_DHE_DSS_WITH_AES_128_GCM_SHA256, TLS_ECDHE_ECDSA_WITH_AES_256_CBC_SHA384, TLS_ECDHE_RSA_WITH_AES_256_CBC_SHA384, TLS_ECDHE_ECDSA_WITH_AES_128_CBC_SHA256, TLS_ECDHE_RSA_WITH_AES_128_CBC_SHA256, TLS_DHE_RSA_WITH_AES_256_CBC_SHA256, TLS_DHE_DSS_WITH_AES_256_CBC_SHA256, TLS_DHE_RSA_WITH_AES_128_CBC_SHA256, TLS_DHE_DSS_WITH_AES_128_CBC_SHA256, TLS_ECDH_ECDSA_WITH_AES_256_GCM_SHA384, TLS_ECDH_RSA_WITH_AES_256_GCM_SHA384, TLS_ECDH_ECDSA_WITH_AES_128_GCM_SHA256, TLS_ECDH_RSA_WITH_AES_128_GCM_SHA256, TLS_ECDH_ECDSA_WITH_AES_256_CBC_SHA384, TLS_ECDH_RSA_WITH_AES_256_CBC_SHA384, TLS_ECDH_ECDSA_WITH_AES_128_CBC_SHA256, TLS_ECDH_RSA_WITH_AES_128_CBC_SHA256, TLS_ECDHE_ECDSA_WITH_AES_256_CBC_SHA, TLS_ECDHE_RSA_WITH_AES_256_CBC_SHA, TLS_ECDHE_ECDSA_WITH_AES_128_CBC_SHA, TLS_ECDHE_RSA_WITH_AES_128_CBC_SHA, TLS_DHE_RSA_WITH_AES_256_CBC_SHA, TLS_DHE_DSS_WITH_AES_256_CBC_SHA, TLS_DHE_RSA_WITH_AES_128_CBC_SHA, TLS_DHE_DSS_WITH_AES_128_CBC_SHA, TLS_ECDH_ECDSA_WITH_AES_256_CBC_SHA, TLS_ECDH_RSA_WITH_AES_256_CBC_SHA, TLS_ECDH_ECDSA_WITH_AES_128_CBC_SHA, TLS_ECDH_RSA_WITH_AES_128_CBC_SHA, TLS_RSA_WITH_AES_256_GCM_SHA384, TLS_RSA_WITH_AES_128_GCM_SHA256, TLS_RSA_WITH_AES_256_CBC_SHA256, TLS_RSA_WITH_AES_128_CBC_SHA256, TLS_RSA_WITH_AES_256_CBC_SHA, TLS_RSA_WITH_AES_128_CBC_SHA, TLS_EMPTY_RENEGOTIATION_INFO_SCSV]
08:55:15.692 [pool-2-thread-3] DEBUG org.apache.http.conn.ssl.SSLConnectionSocketFactory -- Enabled cipher suites:[TLS_AES_256_GCM_SHA384, TLS_AES_128_GCM_SHA256, TLS_CHACHA20_POLY1305_SHA256, TLS_ECDHE_ECDSA_WITH_AES_256_GCM_SHA384, TLS_ECDHE_ECDSA_WITH_AES_128_GCM_SHA256, TLS_ECDHE_ECDSA_WITH_CHACHA20_POLY1305_SHA256, TLS_ECDHE_RSA_WITH_AES_256_GCM_SHA384, TLS_ECDHE_RSA_WITH_CHACHA20_POLY1305_SHA256, TLS_ECDHE_RSA_WITH_AES_128_GCM_SHA256, TLS_DHE_RSA_WITH_AES_256_GCM_SHA384, TLS_DHE_RSA_WITH_CHACHA20_POLY1305_SHA256, TLS_DHE_DSS_WITH_AES_256_GCM_SHA384, TLS_DHE_RSA_WITH_AES_128_GCM_SHA256, TLS_DHE_DSS_WITH_AES_128_GCM_SHA256, TLS_ECDHE_ECDSA_WITH_AES_256_CBC_SHA384, TLS_ECDHE_RSA_WITH_AES_256_CBC_SHA384, TLS_ECDHE_ECDSA_WITH_AES_128_CBC_SHA256, TLS_ECDHE_RSA_WITH_AES_128_CBC_SHA256, TLS_DHE_RSA_WITH_AES_256_CBC_SHA256, TLS_DHE_DSS_WITH_AES_256_CBC_SHA256, TLS_DHE_RSA_WITH_AES_128_CBC_SHA256, TLS_DHE_DSS_WITH_AES_128_CBC_SHA256, TLS_ECDH_ECDSA_WITH_AES_256_GCM_SHA384, TLS_ECDH_RSA_WITH_AES_256_GCM_SHA384, TLS_ECDH_ECDSA_WITH_AES_128_GCM_SHA256, TLS_ECDH_RSA_WITH_AES_128_GCM_SHA256, TLS_ECDH_ECDSA_WITH_AES_256_CBC_SHA384, TLS_ECDH_RSA_WITH_AES_256_CBC_SHA384, TLS_ECDH_ECDSA_WITH_AES_128_CBC_SHA256, TLS_ECDH_RSA_WITH_AES_128_CBC_SHA256, TLS_ECDHE_ECDSA_WITH_AES_256_CBC_SHA, TLS_ECDHE_RSA_WITH_AES_256_CBC_SHA, TLS_ECDHE_ECDSA_WITH_AES_128_CBC_SHA, TLS_ECDHE_RSA_WITH_AES_128_CBC_SHA, TLS_DHE_RSA_WITH_AES_256_CBC_SHA, TLS_DHE_DSS_WITH_AES_256_CBC_SHA, TLS_DHE_RSA_WITH_AES_128_CBC_SHA, TLS_DHE_DSS_WITH_AES_128_CBC_SHA, TLS_ECDH_ECDSA_WITH_AES_256_CBC_SHA, TLS_ECDH_RSA_WITH_AES_256_CBC_SHA, TLS_ECDH_ECDSA_WITH_AES_128_CBC_SHA, TLS_ECDH_RSA_WITH_AES_128_CBC_SHA, TLS_RSA_WITH_AES_256_GCM_SHA384, TLS_RSA_WITH_AES_128_GCM_SHA256, TLS_RSA_WITH_AES_256_CBC_SHA256, TLS_RSA_WITH_AES_128_CBC_SHA256, TLS_RSA_WITH_AES_256_CBC_SHA, TLS_RSA_WITH_AES_128_CBC_SHA, TLS_EMPTY_RENEGOTIATION_INFO_SCSV]
08:55:15.692 [pool-2-thread-4] DEBUG org.apache.http.conn.ssl.SSLConnectionSocketFactory -- Enabled protocols: [TLSv1.3, TLSv1.2]
08:55:15.692 [pool-2-thread-1] DEBUG org.apache.http.conn.ssl.SSLConnectionSocketFactory -- Enabled protocols: [TLSv1.3, TLSv1.2]
08:55:15.692 [pool-2-thread-2] DEBUG org.apache.http.conn.ssl.SSLConnectionSocketFactory -- Enabled protocols: [TLSv1.3, TLSv1.2]
08:55:15.693 [pool-2-thread-4] DEBUG org.apache.http.conn.ssl.SSLConnectionSocketFactory -- Enabled cipher suites:[TLS_AES_256_GCM_SHA384, TLS_AES_128_GCM_SHA256, TLS_CHACHA20_POLY1305_SHA256, TLS_ECDHE_ECDSA_WITH_AES_256_GCM_SHA384, TLS_ECDHE_ECDSA_WITH_AES_128_GCM_SHA256, TLS_ECDHE_ECDSA_WITH_CHACHA20_POLY1305_SHA256, TLS_ECDHE_RSA_WITH_AES_256_GCM_SHA384, TLS_ECDHE_RSA_WITH_CHACHA20_POLY1305_SHA256, TLS_ECDHE_RSA_WITH_AES_128_GCM_SHA256, TLS_DHE_RSA_WITH_AES_256_GCM_SHA384, TLS_DHE_RSA_WITH_CHACHA20_POLY1305_SHA256, TLS_DHE_DSS_WITH_AES_256_GCM_SHA384, TLS_DHE_RSA_WITH_AES_128_GCM_SHA256, TLS_DHE_DSS_WITH_AES_128_GCM_SHA256, TLS_ECDHE_ECDSA_WITH_AES_256_CBC_SHA384, TLS_ECDHE_RSA_WITH_AES_256_CBC_SHA384, TLS_ECDHE_ECDSA_WITH_AES_128_CBC_SHA256, TLS_ECDHE_RSA_WITH_AES_128_CBC_SHA256, TLS_DHE_RSA_WITH_AES_256_CBC_SHA256, TLS_DHE_DSS_WITH_AES_256_CBC_SHA256, TLS_DHE_RSA_WITH_AES_128_CBC_SHA256, TLS_DHE_DSS_WITH_AES_128_CBC_SHA256, TLS_ECDH_ECDSA_WITH_AES_256_GCM_SHA384, TLS_ECDH_RSA_WITH_AES_256_GCM_SHA384, TLS_ECDH_ECDSA_WITH_AES_128_GCM_SHA256, TLS_ECDH_RSA_WITH_AES_128_GCM_SHA256, TLS_ECDH_ECDSA_WITH_AES_256_CBC_SHA384, TLS_ECDH_RSA_WITH_AES_256_CBC_SHA384, TLS_ECDH_ECDSA_WITH_AES_128_CBC_SHA256, TLS_ECDH_RSA_WITH_AES_128_CBC_SHA256, TLS_ECDHE_ECDSA_WITH_AES_256_CBC_SHA, TLS_ECDHE_RSA_WITH_AES_256_CBC_SHA, TLS_ECDHE_ECDSA_WITH_AES_128_CBC_SHA, TLS_ECDHE_RSA_WITH_AES_128_CBC_SHA, TLS_DHE_RSA_WITH_AES_256_CBC_SHA, TLS_DHE_DSS_WITH_AES_256_CBC_SHA, TLS_DHE_RSA_WITH_AES_128_CBC_SHA, TLS_DHE_DSS_WITH_AES_128_CBC_SHA, TLS_ECDH_ECDSA_WITH_AES_256_CBC_SHA, TLS_ECDH_RSA_WITH_AES_256_CBC_SHA, TLS_ECDH_ECDSA_WITH_AES_128_CBC_SHA, TLS_ECDH_RSA_WITH_AES_128_CBC_SHA, TLS_RSA_WITH_AES_256_GCM_SHA384, TLS_RSA_WITH_AES_128_GCM_SHA256, TLS_RSA_WITH_AES_256_CBC_SHA256, TLS_RSA_WITH_AES_128_CBC_SHA256, TLS_RSA_WITH_AES_256_CBC_SHA, TLS_RSA_WITH_AES_128_CBC_SHA, TLS_EMPTY_RENEGOTIATION_INFO_SCSV]
08:55:15.692 [pool-2-thread-5] DEBUG org.apache.http.conn.ssl.SSLConnectionSocketFactory -- Starting handshake
08:55:15.692 [pool-2-thread-3] DEBUG org.apache.http.conn.ssl.SSLConnectionSocketFactory -- Starting handshake
08:55:15.693 [pool-2-thread-1] DEBUG org.apache.http.conn.ssl.SSLConnectionSocketFactory -- Enabled cipher suites:[TLS_AES_256_GCM_SHA384, TLS_AES_128_GCM_SHA256, TLS_CHACHA20_POLY1305_SHA256, TLS_ECDHE_ECDSA_WITH_AES_256_GCM_SHA384, TLS_ECDHE_ECDSA_WITH_AES_128_GCM_SHA256, TLS_ECDHE_ECDSA_WITH_CHACHA20_POLY1305_SHA256, TLS_ECDHE_RSA_WITH_AES_256_GCM_SHA384, TLS_ECDHE_RSA_WITH_CHACHA20_POLY1305_SHA256, TLS_ECDHE_RSA_WITH_AES_128_GCM_SHA256, TLS_DHE_RSA_WITH_AES_256_GCM_SHA384, TLS_DHE_RSA_WITH_CHACHA20_POLY1305_SHA256, TLS_DHE_DSS_WITH_AES_256_GCM_SHA384, TLS_DHE_RSA_WITH_AES_128_GCM_SHA256, TLS_DHE_DSS_WITH_AES_128_GCM_SHA256, TLS_ECDHE_ECDSA_WITH_AES_256_CBC_SHA384, TLS_ECDHE_RSA_WITH_AES_256_CBC_SHA384, TLS_ECDHE_ECDSA_WITH_AES_128_CBC_SHA256, TLS_ECDHE_RSA_WITH_AES_128_CBC_SHA256, TLS_DHE_RSA_WITH_AES_256_CBC_SHA256, TLS_DHE_DSS_WITH_AES_256_CBC_SHA256, TLS_DHE_RSA_WITH_AES_128_CBC_SHA256, TLS_DHE_DSS_WITH_AES_128_CBC_SHA256, TLS_ECDH_ECDSA_WITH_AES_256_GCM_SHA384, TLS_ECDH_RSA_WITH_AES_256_GCM_SHA384, TLS_ECDH_ECDSA_WITH_AES_128_GCM_SHA256, TLS_ECDH_RSA_WITH_AES_128_GCM_SHA256, TLS_ECDH_ECDSA_WITH_AES_256_CBC_SHA384, TLS_ECDH_RSA_WITH_AES_256_CBC_SHA384, TLS_ECDH_ECDSA_WITH_AES_128_CBC_SHA256, TLS_ECDH_RSA_WITH_AES_128_CBC_SHA256, TLS_ECDHE_ECDSA_WITH_AES_256_CBC_SHA, TLS_ECDHE_RSA_WITH_AES_256_CBC_SHA, TLS_ECDHE_ECDSA_WITH_AES_128_CBC_SHA, TLS_ECDHE_RSA_WITH_AES_128_CBC_SHA, TLS_DHE_RSA_WITH_AES_256_CBC_SHA, TLS_DHE_DSS_WITH_AES_256_CBC_SHA, TLS_DHE_RSA_WITH_AES_128_CBC_SHA, TLS_DHE_DSS_WITH_AES_128_CBC_SHA, TLS_ECDH_ECDSA_WITH_AES_256_CBC_SHA, TLS_ECDH_RSA_WITH_AES_256_CBC_SHA, TLS_ECDH_ECDSA_WITH_AES_128_CBC_SHA, TLS_ECDH_RSA_WITH_AES_128_CBC_SHA, TLS_RSA_WITH_AES_256_GCM_SHA384, TLS_RSA_WITH_AES_128_GCM_SHA256, TLS_RSA_WITH_AES_256_CBC_SHA256, TLS_RSA_WITH_AES_128_CBC_SHA256, TLS_RSA_WITH_AES_256_CBC_SHA, TLS_RSA_WITH_AES_128_CBC_SHA, TLS_EMPTY_RENEGOTIATION_INFO_SCSV]
08:55:15.693 [pool-2-thread-1] DEBUG org.apache.http.conn.ssl.SSLConnectionSocketFactory -- Starting handshake
08:55:15.693 [pool-2-thread-2] DEBUG org.apache.http.conn.ssl.SSLConnectionSocketFactory -- Enabled cipher suites:[TLS_AES_256_GCM_SHA384, TLS_AES_128_GCM_SHA256, TLS_CHACHA20_POLY1305_SHA256, TLS_ECDHE_ECDSA_WITH_AES_256_GCM_SHA384, TLS_ECDHE_ECDSA_WITH_AES_128_GCM_SHA256, TLS_ECDHE_ECDSA_WITH_CHACHA20_POLY1305_SHA256, TLS_ECDHE_RSA_WITH_AES_256_GCM_SHA384, TLS_ECDHE_RSA_WITH_CHACHA20_POLY1305_SHA256, TLS_ECDHE_RSA_WITH_AES_128_GCM_SHA256, TLS_DHE_RSA_WITH_AES_256_GCM_SHA384, TLS_DHE_RSA_WITH_CHACHA20_POLY1305_SHA256, TLS_DHE_DSS_WITH_AES_256_GCM_SHA384, TLS_DHE_RSA_WITH_AES_128_GCM_SHA256, TLS_DHE_DSS_WITH_AES_128_GCM_SHA256, TLS_ECDHE_ECDSA_WITH_AES_256_CBC_SHA384, TLS_ECDHE_RSA_WITH_AES_256_CBC_SHA384, TLS_ECDHE_ECDSA_WITH_AES_128_CBC_SHA256, TLS_ECDHE_RSA_WITH_AES_128_CBC_SHA256, TLS_DHE_RSA_WITH_AES_256_CBC_SHA256, TLS_DHE_DSS_WITH_AES_256_CBC_SHA256, TLS_DHE_RSA_WITH_AES_128_CBC_SHA256, TLS_DHE_DSS_WITH_AES_128_CBC_SHA256, TLS_ECDH_ECDSA_WITH_AES_256_GCM_SHA384, TLS_ECDH_RSA_WITH_AES_256_GCM_SHA384, TLS_ECDH_ECDSA_WITH_AES_128_GCM_SHA256, TLS_ECDH_RSA_WITH_AES_128_GCM_SHA256, TLS_ECDH_ECDSA_WITH_AES_256_CBC_SHA384, TLS_ECDH_RSA_WITH_AES_256_CBC_SHA384, TLS_ECDH_ECDSA_WITH_AES_128_CBC_SHA256, TLS_ECDH_RSA_WITH_AES_128_CBC_SHA256, TLS_ECDHE_ECDSA_WITH_AES_256_CBC_SHA, TLS_ECDHE_RSA_WITH_AES_256_CBC_SHA, TLS_ECDHE_ECDSA_WITH_AES_128_CBC_SHA, TLS_ECDHE_RSA_WITH_AES_128_CBC_SHA, TLS_DHE_RSA_WITH_AES_256_CBC_SHA, TLS_DHE_DSS_WITH_AES_256_CBC_SHA, TLS_DHE_RSA_WITH_AES_128_CBC_SHA, TLS_DHE_DSS_WITH_AES_128_CBC_SHA, TLS_ECDH_ECDSA_WITH_AES_256_CBC_SHA, TLS_ECDH_RSA_WITH_AES_256_CBC_SHA, TLS_ECDH_ECDSA_WITH_AES_128_CBC_SHA, TLS_ECDH_RSA_WITH_AES_128_CBC_SHA, TLS_RSA_WITH_AES_256_GCM_SHA384, TLS_RSA_WITH_AES_128_GCM_SHA256, TLS_RSA_WITH_AES_256_CBC_SHA256, TLS_RSA_WITH_AES_128_CBC_SHA256, TLS_RSA_WITH_AES_256_CBC_SHA, TLS_RSA_WITH_AES_128_CBC_SHA, TLS_EMPTY_RENEGOTIATION_INFO_SCSV]
08:55:15.693 [pool-2-thread-4] DEBUG org.apache.http.conn.ssl.SSLConnectionSocketFactory -- Starting handshake
08:55:15.693 [pool-2-thread-2] DEBUG org.apache.http.conn.ssl.SSLConnectionSocketFactory -- Starting handshake
08:55:15.939 [pool-2-thread-2] DEBUG org.apache.http.conn.ssl.SSLConnectionSocketFactory -- Secure session established
08:55:15.939 [pool-2-thread-3] DEBUG org.apache.http.conn.ssl.SSLConnectionSocketFactory -- Secure session established
08:55:15.940 [pool-2-thread-4] DEBUG org.apache.http.conn.ssl.SSLConnectionSocketFactory -- Secure session established
08:55:15.939 [pool-2-thread-1] DEBUG org.apache.http.conn.ssl.SSLConnectionSocketFactory -- Secure session established
08:55:15.940 [pool-2-thread-2] DEBUG org.apache.http.conn.ssl.SSLConnectionSocketFactory --  negotiated protocol: TLSv1.2
08:55:15.940 [pool-2-thread-5] DEBUG org.apache.http.conn.ssl.SSLConnectionSocketFactory -- Secure session established
08:55:15.940 [pool-2-thread-4] DEBUG org.apache.http.conn.ssl.SSLConnectionSocketFactory --  negotiated protocol: TLSv1.2
08:55:15.940 [pool-2-thread-5] DEBUG org.apache.http.conn.ssl.SSLConnectionSocketFactory --  negotiated protocol: TLSv1.2
08:55:15.940 [pool-2-thread-1] DEBUG org.apache.http.conn.ssl.SSLConnectionSocketFactory --  negotiated protocol: TLSv1.2
08:55:15.940 [pool-2-thread-2] DEBUG org.apache.http.conn.ssl.SSLConnectionSocketFactory --  negotiated cipher suite: TLS_ECDHE_RSA_WITH_AES_128_GCM_SHA256
08:55:15.940 [pool-2-thread-3] DEBUG org.apache.http.conn.ssl.SSLConnectionSocketFactory --  negotiated protocol: TLSv1.2
08:55:15.940 [pool-2-thread-3] DEBUG org.apache.http.conn.ssl.SSLConnectionSocketFactory --  negotiated cipher suite: TLS_ECDHE_RSA_WITH_AES_128_GCM_SHA256
08:55:15.940 [pool-2-thread-4] DEBUG org.apache.http.conn.ssl.SSLConnectionSocketFactory --  negotiated cipher suite: TLS_ECDHE_RSA_WITH_AES_128_GCM_SHA256
08:55:15.940 [pool-2-thread-5] DEBUG org.apache.http.conn.ssl.SSLConnectionSocketFactory --  negotiated cipher suite: TLS_ECDHE_RSA_WITH_AES_128_GCM_SHA256
08:55:15.940 [pool-2-thread-4] DEBUG org.apache.http.conn.ssl.SSLConnectionSocketFactory --  peer principal: CN=*.herokuapp.com
08:55:15.940 [pool-2-thread-5] DEBUG org.apache.http.conn.ssl.SSLConnectionSocketFactory --  peer principal: CN=*.herokuapp.com
08:55:15.940 [pool-2-thread-5] DEBUG org.apache.http.conn.ssl.SSLConnectionSocketFactory --  peer alternative names: [*.herokuapp.com]
08:55:15.941 [pool-2-thread-4] DEBUG org.apache.http.conn.ssl.SSLConnectionSocketFactory --  peer alternative names: [*.herokuapp.com]
08:55:15.940 [pool-2-thread-1] DEBUG org.apache.http.conn.ssl.SSLConnectionSocketFactory --  negotiated cipher suite: TLS_ECDHE_RSA_WITH_AES_128_GCM_SHA256
08:55:15.940 [pool-2-thread-2] DEBUG org.apache.http.conn.ssl.SSLConnectionSocketFactory --  peer principal: CN=*.herokuapp.com
08:55:15.940 [pool-2-thread-3] DEBUG org.apache.http.conn.ssl.SSLConnectionSocketFactory --  peer principal: CN=*.herokuapp.com
08:55:15.941 [pool-2-thread-5] DEBUG org.apache.http.conn.ssl.SSLConnectionSocketFactory --  issuer principal: CN=Amazon RSA 2048 M01, O=Amazon, C=US
08:55:15.941 [pool-2-thread-3] DEBUG org.apache.http.conn.ssl.SSLConnectionSocketFactory --  peer alternative names: [*.herokuapp.com]
08:55:15.941 [pool-2-thread-4] DEBUG org.apache.http.conn.ssl.SSLConnectionSocketFactory --  issuer principal: CN=Amazon RSA 2048 M01, O=Amazon, C=US
08:55:15.941 [pool-2-thread-1] DEBUG org.apache.http.conn.ssl.SSLConnectionSocketFactory --  peer principal: CN=*.herokuapp.com
08:55:15.941 [pool-2-thread-3] DEBUG org.apache.http.conn.ssl.SSLConnectionSocketFactory --  issuer principal: CN=Amazon RSA 2048 M01, O=Amazon, C=US
08:55:15.941 [pool-2-thread-2] DEBUG org.apache.http.conn.ssl.SSLConnectionSocketFactory --  peer alternative names: [*.herokuapp.com]
08:55:15.941 [pool-2-thread-2] DEBUG org.apache.http.conn.ssl.SSLConnectionSocketFactory --  issuer principal: CN=Amazon RSA 2048 M01, O=Amazon, C=US
08:55:15.941 [pool-2-thread-1] DEBUG org.apache.http.conn.ssl.SSLConnectionSocketFactory --  peer alternative names: [*.herokuapp.com]
08:55:15.942 [pool-2-thread-1] DEBUG org.apache.http.conn.ssl.SSLConnectionSocketFactory --  issuer principal: CN=Amazon RSA 2048 M01, O=Amazon, C=US
08:55:15.947 [pool-2-thread-1] DEBUG org.apache.http.impl.conn.DefaultHttpClientConnectionOperator -- Connection established 172.17.0.2:40220<->54.243.238.66:443
08:55:15.947 [pool-2-thread-4] DEBUG org.apache.http.impl.conn.DefaultHttpClientConnectionOperator -- Connection established 172.17.0.2:40216<->54.243.238.66:443
08:55:15.947 [pool-2-thread-2] DEBUG org.apache.http.impl.conn.DefaultHttpClientConnectionOperator -- Connection established 172.17.0.2:40244<->54.243.238.66:443
08:55:15.947 [pool-2-thread-1] DEBUG org.apache.http.impl.conn.DefaultManagedHttpClientConnection -- http-outgoing-2: set socket timeout to 30000
08:55:15.947 [pool-2-thread-3] DEBUG org.apache.http.impl.conn.DefaultHttpClientConnectionOperator -- Connection established 172.17.0.2:40246<->54.243.238.66:443
08:55:15.947 [pool-2-thread-5] DEBUG org.apache.http.impl.conn.DefaultHttpClientConnectionOperator -- Connection established 172.17.0.2:40218<->54.243.238.66:443
08:55:15.947 [pool-2-thread-4] DEBUG org.apache.http.impl.conn.DefaultManagedHttpClientConnection -- http-outgoing-0: set socket timeout to 30000
08:55:15.947 [pool-2-thread-2] DEBUG org.apache.http.impl.conn.DefaultManagedHttpClientConnection -- http-outgoing-4: set socket timeout to 30000
08:55:15.947 [pool-2-thread-1] DEBUG org.apache.http.impl.execchain.MainClientExec -- Executing request POST /auth HTTP/1.1
08:55:15.948 [pool-2-thread-2] DEBUG org.apache.http.impl.execchain.MainClientExec -- Executing request POST /booking HTTP/1.1
08:55:15.947 [pool-2-thread-3] DEBUG org.apache.http.impl.conn.DefaultManagedHttpClientConnection -- http-outgoing-3: set socket timeout to 30000
08:55:15.947 [pool-2-thread-5] DEBUG org.apache.http.impl.conn.DefaultManagedHttpClientConnection -- http-outgoing-1: set socket timeout to 30000
08:55:15.948 [pool-2-thread-2] DEBUG org.apache.http.impl.execchain.MainClientExec -- Target auth state: UNCHALLENGED
08:55:15.948 [pool-2-thread-5] DEBUG org.apache.http.impl.execchain.MainClientExec -- Executing request GET /booking HTTP/1.1
08:55:15.948 [pool-2-thread-4] DEBUG org.apache.http.impl.execchain.MainClientExec -- Executing request POST /booking HTTP/1.1
08:55:15.948 [pool-2-thread-1] DEBUG org.apache.http.impl.execchain.MainClientExec -- Target auth state: UNCHALLENGED
08:55:15.948 [pool-2-thread-3] DEBUG org.apache.http.impl.execchain.MainClientExec -- Executing request POST /auth HTTP/1.1
08:55:15.948 [pool-2-thread-4] DEBUG org.apache.http.impl.execchain.MainClientExec -- Target auth state: UNCHALLENGED
08:55:15.948 [pool-2-thread-3] DEBUG org.apache.http.impl.execchain.MainClientExec -- Target auth state: UNCHALLENGED
08:55:15.948 [pool-2-thread-5] DEBUG org.apache.http.impl.execchain.MainClientExec -- Target auth state: UNCHALLENGED
08:55:15.948 [pool-2-thread-4] DEBUG org.apache.http.impl.execchain.MainClientExec -- Proxy auth state: UNCHALLENGED
08:55:15.948 [pool-2-thread-3] DEBUG org.apache.http.impl.execchain.MainClientExec -- Proxy auth state: UNCHALLENGED
08:55:15.948 [pool-2-thread-5] DEBUG org.apache.http.impl.execchain.MainClientExec -- Proxy auth state: UNCHALLENGED
08:55:15.948 [pool-2-thread-1] DEBUG org.apache.http.impl.execchain.MainClientExec -- Proxy auth state: UNCHALLENGED
08:55:15.948 [pool-2-thread-2] DEBUG org.apache.http.impl.execchain.MainClientExec -- Proxy auth state: UNCHALLENGED
08:55:15.950 [pool-2-thread-1] DEBUG org.apache.http.headers -- http-outgoing-2 >> POST /auth HTTP/1.1
08:55:15.950 [pool-2-thread-3] DEBUG org.apache.http.headers -- http-outgoing-3 >> POST /auth HTTP/1.1
08:55:15.950 [pool-2-thread-1] DEBUG org.apache.http.headers -- http-outgoing-2 >> Content-Type: application/json; charset=UTF-8
08:55:15.950 [pool-2-thread-3] DEBUG org.apache.http.headers -- http-outgoing-3 >> Content-Type: application/json; charset=UTF-8
08:55:15.950 [pool-2-thread-1] DEBUG org.apache.http.headers -- http-outgoing-2 >> Content-Length: 45
08:55:15.950 [pool-2-thread-3] DEBUG org.apache.http.headers -- http-outgoing-3 >> Content-Length: 45
08:55:15.950 [pool-2-thread-2] DEBUG org.apache.http.headers -- http-outgoing-4 >> POST /booking HTTP/1.1
08:55:15.950 [pool-2-thread-3] DEBUG org.apache.http.headers -- http-outgoing-3 >> Host: restful-booker.herokuapp.com
08:55:15.950 [pool-2-thread-1] DEBUG org.apache.http.headers -- http-outgoing-2 >> Host: restful-booker.herokuapp.com
08:55:15.950 [pool-2-thread-4] DEBUG org.apache.http.headers -- http-outgoing-0 >> POST /booking HTTP/1.1
08:55:15.950 [pool-2-thread-2] DEBUG org.apache.http.headers -- http-outgoing-4 >> Content-Type: application/json; charset=UTF-8
08:55:15.950 [pool-2-thread-3] DEBUG org.apache.http.headers -- http-outgoing-3 >> Connection: Keep-Alive
08:55:15.950 [pool-2-thread-2] DEBUG org.apache.http.headers -- http-outgoing-4 >> Content-Length: 173
08:55:15.950 [pool-2-thread-5] DEBUG org.apache.http.headers -- http-outgoing-1 >> GET /booking HTTP/1.1
08:55:15.950 [pool-2-thread-1] DEBUG org.apache.http.headers -- http-outgoing-2 >> Connection: Keep-Alive
08:55:15.950 [pool-2-thread-4] DEBUG org.apache.http.headers -- http-outgoing-0 >> Content-Type: application/json; charset=UTF-8
08:55:15.950 [pool-2-thread-3] DEBUG org.apache.http.headers -- http-outgoing-3 >> User-Agent: Apache-HttpClient/4.5.14 (Java/17.0.11)
08:55:15.950 [pool-2-thread-2] DEBUG org.apache.http.headers -- http-outgoing-4 >> Host: restful-booker.herokuapp.com
08:55:15.950 [pool-2-thread-5] DEBUG org.apache.http.headers -- http-outgoing-1 >> Host: restful-booker.herokuapp.com
08:55:15.950 [pool-2-thread-1] DEBUG org.apache.http.headers -- http-outgoing-2 >> User-Agent: Apache-HttpClient/4.5.14 (Java/17.0.11)
08:55:15.950 [pool-2-thread-4] DEBUG org.apache.http.headers -- http-outgoing-0 >> Content-Length: 163
08:55:15.950 [pool-2-thread-3] DEBUG org.apache.http.headers -- http-outgoing-3 >> Accept-Encoding: gzip,deflate
08:55:15.950 [pool-2-thread-4] DEBUG org.apache.http.headers -- http-outgoing-0 >> Host: restful-booker.herokuapp.com
08:55:15.950 [pool-2-thread-2] DEBUG org.apache.http.headers -- http-outgoing-4 >> Connection: Keep-Alive
08:55:15.950 [pool-2-thread-5] DEBUG org.apache.http.headers -- http-outgoing-1 >> Connection: Keep-Alive
08:55:15.950 [pool-2-thread-1] DEBUG org.apache.http.headers -- http-outgoing-2 >> Accept-Encoding: gzip,deflate
08:55:15.950 [pool-2-thread-4] DEBUG org.apache.http.headers -- http-outgoing-0 >> Connection: Keep-Alive
08:55:15.951 [pool-2-thread-3] DEBUG org.apache.http.wire -- http-outgoing-3 >> "POST /auth HTTP/1.1[\r][\n]"
08:55:15.950 [pool-2-thread-2] DEBUG org.apache.http.headers -- http-outgoing-4 >> User-Agent: Apache-HttpClient/4.5.14 (Java/17.0.11)
08:55:15.951 [pool-2-thread-4] DEBUG org.apache.http.headers -- http-outgoing-0 >> User-Agent: Apache-HttpClient/4.5.14 (Java/17.0.11)
08:55:15.951 [pool-2-thread-3] DEBUG org.apache.http.wire -- http-outgoing-3 >> "Content-Type: application/json; charset=UTF-8[\r][\n]"
08:55:15.951 [pool-2-thread-5] DEBUG org.apache.http.headers -- http-outgoing-1 >> User-Agent: Apache-HttpClient/4.5.14 (Java/17.0.11)
08:55:15.951 [pool-2-thread-2] DEBUG org.apache.http.headers -- http-outgoing-4 >> Accept-Encoding: gzip,deflate
08:55:15.951 [pool-2-thread-1] DEBUG org.apache.http.wire -- http-outgoing-2 >> "POST /auth HTTP/1.1[\r][\n]"
08:55:15.951 [pool-2-thread-4] DEBUG org.apache.http.headers -- http-outgoing-0 >> Accept-Encoding: gzip,deflate
08:55:15.951 [pool-2-thread-3] DEBUG org.apache.http.wire -- http-outgoing-3 >> "Content-Length: 45[\r][\n]"
08:55:15.951 [pool-2-thread-5] DEBUG org.apache.http.headers -- http-outgoing-1 >> Accept-Encoding: gzip,deflate
08:55:15.951 [pool-2-thread-2] DEBUG org.apache.http.wire -- http-outgoing-4 >> "POST /booking HTTP/1.1[\r][\n]"
08:55:15.951 [pool-2-thread-1] DEBUG org.apache.http.wire -- http-outgoing-2 >> "Content-Type: application/json; charset=UTF-8[\r][\n]"
08:55:15.951 [pool-2-thread-4] DEBUG org.apache.http.wire -- http-outgoing-0 >> "POST /booking HTTP/1.1[\r][\n]"
08:55:15.951 [pool-2-thread-3] DEBUG org.apache.http.wire -- http-outgoing-3 >> "Host: restful-booker.herokuapp.com[\r][\n]"
08:55:15.951 [pool-2-thread-5] DEBUG org.apache.http.wire -- http-outgoing-1 >> "GET /booking HTTP/1.1[\r][\n]"
08:55:15.951 [pool-2-thread-2] DEBUG org.apache.http.wire -- http-outgoing-4 >> "Content-Type: application/json; charset=UTF-8[\r][\n]"
08:55:15.951 [pool-2-thread-1] DEBUG org.apache.http.wire -- http-outgoing-2 >> "Content-Length: 45[\r][\n]"
08:55:15.951 [pool-2-thread-1] DEBUG org.apache.http.wire -- http-outgoing-2 >> "Host: restful-booker.herokuapp.com[\r][\n]"
08:55:15.951 [pool-2-thread-4] DEBUG org.apache.http.wire -- http-outgoing-0 >> "Content-Type: application/json; charset=UTF-8[\r][\n]"
08:55:15.951 [pool-2-thread-3] DEBUG org.apache.http.wire -- http-outgoing-3 >> "Connection: Keep-Alive[\r][\n]"
08:55:15.951 [pool-2-thread-5] DEBUG org.apache.http.wire -- http-outgoing-1 >> "Host: restful-booker.herokuapp.com[\r][\n]"
08:55:15.951 [pool-2-thread-1] DEBUG org.apache.http.wire -- http-outgoing-2 >> "Connection: Keep-Alive[\r][\n]"
08:55:15.951 [pool-2-thread-3] DEBUG org.apache.http.wire -- http-outgoing-3 >> "User-Agent: Apache-HttpClient/4.5.14 (Java/17.0.11)[\r][\n]"
08:55:15.951 [pool-2-thread-1] DEBUG org.apache.http.wire -- http-outgoing-2 >> "User-Agent: Apache-HttpClient/4.5.14 (Java/17.0.11)[\r][\n]"
08:55:15.951 [pool-2-thread-2] DEBUG org.apache.http.wire -- http-outgoing-4 >> "Content-Length: 173[\r][\n]"
08:55:15.951 [pool-2-thread-4] DEBUG org.apache.http.wire -- http-outgoing-0 >> "Content-Length: 163[\r][\n]"
08:55:15.952 [pool-2-thread-2] DEBUG org.apache.http.wire -- http-outgoing-4 >> "Host: restful-booker.herokuapp.com[\r][\n]"
08:55:15.952 [pool-2-thread-4] DEBUG org.apache.http.wire -- http-outgoing-0 >> "Host: restful-booker.herokuapp.com[\r][\n]"
08:55:15.952 [pool-2-thread-4] DEBUG org.apache.http.wire -- http-outgoing-0 >> "Connection: Keep-Alive[\r][\n]"
08:55:15.951 [pool-2-thread-1] DEBUG org.apache.http.wire -- http-outgoing-2 >> "Accept-Encoding: gzip,deflate[\r][\n]"
08:55:15.952 [pool-2-thread-3] DEBUG org.apache.http.wire -- http-outgoing-3 >> "Accept-Encoding: gzip,deflate[\r][\n]"
08:55:15.952 [pool-2-thread-1] DEBUG org.apache.http.wire -- http-outgoing-2 >> "[\r][\n]"
08:55:15.952 [pool-2-thread-2] DEBUG org.apache.http.wire -- http-outgoing-4 >> "Connection: Keep-Alive[\r][\n]"
08:55:15.952 [pool-2-thread-5] DEBUG org.apache.http.wire -- http-outgoing-1 >> "Connection: Keep-Alive[\r][\n]"
08:55:15.952 [pool-2-thread-3] DEBUG org.apache.http.wire -- http-outgoing-3 >> "[\r][\n]"
08:55:15.952 [pool-2-thread-4] DEBUG org.apache.http.wire -- http-outgoing-0 >> "User-Agent: Apache-HttpClient/4.5.14 (Java/17.0.11)[\r][\n]"
08:55:15.952 [pool-2-thread-2] DEBUG org.apache.http.wire -- http-outgoing-4 >> "User-Agent: Apache-HttpClient/4.5.14 (Java/17.0.11)[\r][\n]"
08:55:15.952 [pool-2-thread-1] DEBUG org.apache.http.wire -- http-outgoing-2 >> "{"username":"admin","password":"password123"}"
08:55:15.952 [pool-2-thread-5] DEBUG org.apache.http.wire -- http-outgoing-1 >> "User-Agent: Apache-HttpClient/4.5.14 (Java/17.0.11)[\r][\n]"
08:55:15.952 [pool-2-thread-3] DEBUG org.apache.http.wire -- http-outgoing-3 >> "{"username":"admin","password":"password123"}"
08:55:15.952 [pool-2-thread-4] DEBUG org.apache.http.wire -- http-outgoing-0 >> "Accept-Encoding: gzip,deflate[\r][\n]"
08:55:15.952 [pool-2-thread-2] DEBUG org.apache.http.wire -- http-outgoing-4 >> "Accept-Encoding: gzip,deflate[\r][\n]"
08:55:15.952 [pool-2-thread-5] DEBUG org.apache.http.wire -- http-outgoing-1 >> "Accept-Encoding: gzip,deflate[\r][\n]"
08:55:15.952 [pool-2-thread-5] DEBUG org.apache.http.wire -- http-outgoing-1 >> "[\r][\n]"
08:55:15.952 [pool-2-thread-4] DEBUG org.apache.http.wire -- http-outgoing-0 >> "[\r][\n]"
08:55:15.952 [pool-2-thread-2] DEBUG org.apache.http.wire -- http-outgoing-4 >> "[\r][\n]"
08:55:15.952 [pool-2-thread-4] DEBUG org.apache.http.wire -- http-outgoing-0 >> "{"firstname":"Get","lastname":"ById","totalprice":500,"depositpaid":true,"bookingdates":{"checkin":"2024-02-01","checkout":"2024-02-05"},"additionalneeds":"Lunch"}"
08:55:15.952 [pool-2-thread-2] DEBUG org.apache.http.wire -- http-outgoing-4 >> "{"firstname":"Kerem","lastname":"Sarisen","totalprice":1500,"depositpaid":true,"bookingdates":{"checkin":"2024-01-01","checkout":"2024-01-10"},"additionalneeds":"Breakfast"}"
08:55:16.036 [pool-2-thread-1] DEBUG org.apache.http.wire -- http-outgoing-2 << "HTTP/1.1 200 OK[\r][\n]"
08:55:16.036 [pool-2-thread-3] DEBUG org.apache.http.wire -- http-outgoing-3 << "HTTP/1.1 200 OK[\r][\n]"
08:55:16.037 [pool-2-thread-1] DEBUG org.apache.http.wire -- http-outgoing-2 << "Content-Length: 27[\r][\n]"
08:55:16.037 [pool-2-thread-3] DEBUG org.apache.http.wire -- http-outgoing-3 << "Content-Length: 27[\r][\n]"
08:55:16.038 [pool-2-thread-1] DEBUG org.apache.http.wire -- http-outgoing-2 << "Content-Type: application/json; charset=utf-8[\r][\n]"
08:55:16.038 [pool-2-thread-3] DEBUG org.apache.http.wire -- http-outgoing-3 << "Content-Type: application/json; charset=utf-8[\r][\n]"
08:55:16.039 [pool-2-thread-3] DEBUG org.apache.http.wire -- http-outgoing-3 << "Date: Fri, 06 Feb 2026 08:55:16 GMT[\r][\n]"
08:55:16.039 [pool-2-thread-3] DEBUG org.apache.http.wire -- http-outgoing-3 << "Etag: W/"1b-5BKKYZDGysGa1xc49RGhl6Ik2gE"[\r][\n]"
08:55:16.040 [pool-2-thread-3] DEBUG org.apache.http.wire -- http-outgoing-3 << "Nel: {"report_to":"heroku-nel","response_headers":["Via"],"max_age":3600,"success_fraction":0.01,"failure_fraction":0.1}[\r][\n]"
08:55:16.038 [pool-2-thread-4] DEBUG org.apache.http.wire -- http-outgoing-0 << "HTTP/1.1 418 I'm a teapot[\r][\n]"
08:55:16.040 [pool-2-thread-4] DEBUG org.apache.http.wire -- http-outgoing-0 << "Content-Length: 12[\r][\n]"
08:55:16.040 [pool-2-thread-4] DEBUG org.apache.http.wire -- http-outgoing-0 << "Content-Type: text/plain; charset=utf-8[\r][\n]"
08:55:16.039 [pool-2-thread-1] DEBUG org.apache.http.wire -- http-outgoing-2 << "Date: Fri, 06 Feb 2026 08:55:16 GMT[\r][\n]"
08:55:16.040 [pool-2-thread-1] DEBUG org.apache.http.wire -- http-outgoing-2 << "Etag: W/"1b-XC/L+37iPWYBp3OcCkjJ9w/of2w"[\r][\n]"
08:55:16.039 [pool-2-thread-2] DEBUG org.apache.http.wire -- http-outgoing-4 << "HTTP/1.1 418 I'm a teapot[\r][\n]"
08:55:16.040 [pool-2-thread-2] DEBUG org.apache.http.wire -- http-outgoing-4 << "Content-Length: 12[\r][\n]"
08:55:16.040 [pool-2-thread-3] DEBUG org.apache.http.wire -- http-outgoing-3 << "Report-To: {"group":"heroku-nel","endpoints":[{"url":"https://nel.heroku.com/reports?s=KnprGAWYwlGRVknNJvi%2FvZu0CES5%2FaHQv%2B40wuJ%2F0so%3D\u0026sid=c46efe9b-d3d2-4a0c-8c76-bfafa16c5add\u0026ts=1770368116"}],"max_age":3600}[\r][\n]"
08:55:16.040 [pool-2-thread-4] DEBUG org.apache.http.wire -- http-outgoing-0 << "Date: Fri, 06 Feb 2026 08:55:16 GMT[\r][\n]"
08:55:16.040 [pool-2-thread-1] DEBUG org.apache.http.wire -- http-outgoing-2 << "Nel: {"report_to":"heroku-nel","response_headers":["Via"],"max_age":3600,"success_fraction":0.01,"failure_fraction":0.1}[\r][\n]"
08:55:16.040 [pool-2-thread-5] DEBUG org.apache.http.wire -- http-outgoing-1 << "HTTP/1.1 200 OK[\r][\n]"
08:55:16.041 [pool-2-thread-2] DEBUG org.apache.http.wire -- http-outgoing-4 << "Content-Type: text/plain; charset=utf-8[\r][\n]"
08:55:16.041 [pool-2-thread-2] DEBUG org.apache.http.wire -- http-outgoing-4 << "Date: Fri, 06 Feb 2026 08:55:16 GMT[\r][\n]"
08:55:16.041 [pool-2-thread-2] DEBUG org.apache.http.wire -- http-outgoing-4 << "Etag: W/"c-2UDTmC4hdG5PUA+z8oDkrgejuV8"[\r][\n]"
08:55:16.041 [pool-2-thread-2] DEBUG org.apache.http.wire -- http-outgoing-4 << "Nel: {"report_to":"heroku-nel","response_headers":["Via"],"max_age":3600,"success_fraction":0.01,"failure_fraction":0.1}[\r][\n]"
08:55:16.041 [pool-2-thread-2] DEBUG org.apache.http.wire -- http-outgoing-4 << "Report-To: {"group":"heroku-nel","endpoints":[{"url":"https://nel.heroku.com/reports?s=KnprGAWYwlGRVknNJvi%2FvZu0CES5%2FaHQv%2B40wuJ%2F0so%3D\u0026sid=c46efe9b-d3d2-4a0c-8c76-bfafa16c5add\u0026ts=1770368116"}],"max_age":3600}[\r][\n]"
08:55:16.041 [pool-2-thread-3] DEBUG org.apache.http.wire -- http-outgoing-3 << "Reporting-Endpoints: heroku-nel="https://nel.heroku.com/reports?s=KnprGAWYwlGRVknNJvi%2FvZu0CES5%2FaHQv%2B40wuJ%2F0so%3D&sid=c46efe9b-d3d2-4a0c-8c76-bfafa16c5add&ts=1770368116"[\r][\n]"
08:55:16.041 [pool-2-thread-3] DEBUG org.apache.http.wire -- http-outgoing-3 << "Server: Heroku[\r][\n]"
08:55:16.041 [pool-2-thread-4] DEBUG org.apache.http.wire -- http-outgoing-0 << "Etag: W/"c-2UDTmC4hdG5PUA+z8oDkrgejuV8"[\r][\n]"
08:55:16.041 [pool-2-thread-1] DEBUG org.apache.http.wire -- http-outgoing-2 << "Report-To: {"group":"heroku-nel","endpoints":[{"url":"https://nel.heroku.com/reports?s=KnprGAWYwlGRVknNJvi%2FvZu0CES5%2FaHQv%2B40wuJ%2F0so%3D\u0026sid=c46efe9b-d3d2-4a0c-8c76-bfafa16c5add\u0026ts=1770368116"}],"max_age":3600}[\r][\n]"
08:55:16.042 [pool-2-thread-4] DEBUG org.apache.http.wire -- http-outgoing-0 << "Nel: {"report_to":"heroku-nel","response_headers":["Via"],"max_age":3600,"success_fraction":0.01,"failure_fraction":0.1}[\r][\n]"
08:55:16.042 [pool-2-thread-1] DEBUG org.apache.http.wire -- http-outgoing-2 << "Reporting-Endpoints: heroku-nel="https://nel.heroku.com/reports?s=KnprGAWYwlGRVknNJvi%2FvZu0CES5%2FaHQv%2B40wuJ%2F0so%3D&sid=c46efe9b-d3d2-4a0c-8c76-bfafa16c5add&ts=1770368116"[\r][\n]"
08:55:16.042 [pool-2-thread-4] DEBUG org.apache.http.wire -- http-outgoing-0 << "Report-To: {"group":"heroku-nel","endpoints":[{"url":"https://nel.heroku.com/reports?s=KnprGAWYwlGRVknNJvi%2FvZu0CES5%2FaHQv%2B40wuJ%2F0so%3D\u0026sid=c46efe9b-d3d2-4a0c-8c76-bfafa16c5add\u0026ts=1770368116"}],"max_age":3600}[\r][\n]"
08:55:16.042 [pool-2-thread-4] DEBUG org.apache.http.wire -- http-outgoing-0 << "Reporting-Endpoints: heroku-nel="https://nel.heroku.com/reports?s=KnprGAWYwlGRVknNJvi%2FvZu0CES5%2FaHQv%2B40wuJ%2F0so%3D&sid=c46efe9b-d3d2-4a0c-8c76-bfafa16c5add&ts=1770368116"[\r][\n]"
08:55:16.042 [pool-2-thread-4] DEBUG org.apache.http.wire -- http-outgoing-0 << "Server: Heroku[\r][\n]"
08:55:16.042 [pool-2-thread-4] DEBUG org.apache.http.wire -- http-outgoing-0 << "Via: 1.1 heroku-router[\r][\n]"
08:55:16.041 [pool-2-thread-5] DEBUG org.apache.http.wire -- http-outgoing-1 << "Content-Length: 32329[\r][\n]"
08:55:16.041 [pool-2-thread-2] DEBUG org.apache.http.wire -- http-outgoing-4 << "Reporting-Endpoints: heroku-nel="https://nel.heroku.com/reports?s=KnprGAWYwlGRVknNJvi%2FvZu0CES5%2FaHQv%2B40wuJ%2F0so%3D&sid=c46efe9b-d3d2-4a0c-8c76-bfafa16c5add&ts=1770368116"[\r][\n]"
08:55:16.042 [pool-2-thread-5] DEBUG org.apache.http.wire -- http-outgoing-1 << "Content-Type: application/json; charset=utf-8[\r][\n]"
08:55:16.042 [pool-2-thread-5] DEBUG org.apache.http.wire -- http-outgoing-1 << "Date: Fri, 06 Feb 2026 08:55:16 GMT[\r][\n]"
08:55:16.041 [pool-2-thread-3] DEBUG org.apache.http.wire -- http-outgoing-3 << "Via: 1.1 heroku-router[\r][\n]"
08:55:16.042 [pool-2-thread-1] DEBUG org.apache.http.wire -- http-outgoing-2 << "Server: Heroku[\r][\n]"
08:55:16.042 [pool-2-thread-4] DEBUG org.apache.http.wire -- http-outgoing-0 << "X-Powered-By: Express[\r][\n]"
08:55:16.042 [pool-2-thread-2] DEBUG org.apache.http.wire -- http-outgoing-4 << "Server: Heroku[\r][\n]"
08:55:16.042 [pool-2-thread-5] DEBUG org.apache.http.wire -- http-outgoing-1 << "Etag: W/"7e49-Uyk7QNrgZtk+w/XybSazi0SQz1U"[\r][\n]"
08:55:16.042 [pool-2-thread-3] DEBUG org.apache.http.wire -- http-outgoing-3 << "X-Powered-By: Express[\r][\n]"
08:55:16.042 [pool-2-thread-4] DEBUG org.apache.http.wire -- http-outgoing-0 << "[\r][\n]"
08:55:16.043 [pool-2-thread-3] DEBUG org.apache.http.wire -- http-outgoing-3 << "[\r][\n]"
08:55:16.043 [pool-2-thread-4] DEBUG org.apache.http.wire -- http-outgoing-0 << "I'm a Teapot"
08:55:16.043 [pool-2-thread-3] DEBUG org.apache.http.wire -- http-outgoing-3 << "{"token":"0026b52c308ee88"}"
08:55:16.042 [pool-2-thread-1] DEBUG org.apache.http.wire -- http-outgoing-2 << "Via: 1.1 heroku-router[\r][\n]"
08:55:16.042 [pool-2-thread-2] DEBUG org.apache.http.wire -- http-outgoing-4 << "Via: 1.1 heroku-router[\r][\n]"
08:55:16.043 [pool-2-thread-1] DEBUG org.apache.http.wire -- http-outgoing-2 << "X-Powered-By: Express[\r][\n]"
08:55:16.043 [pool-2-thread-5] DEBUG org.apache.http.wire -- http-outgoing-1 << "Nel: {"report_to":"heroku-nel","response_headers":["Via"],"max_age":3600,"success_fraction":0.01,"failure_fraction":0.1}[\r][\n]"
08:55:16.043 [pool-2-thread-1] DEBUG org.apache.http.wire -- http-outgoing-2 << "[\r][\n]"
08:55:16.043 [pool-2-thread-2] DEBUG org.apache.http.wire -- http-outgoing-4 << "X-Powered-By: Express[\r][\n]"
08:55:16.043 [pool-2-thread-5] DEBUG org.apache.http.wire -- http-outgoing-1 << "Report-To: {"group":"heroku-nel","endpoints":[{"url":"https://nel.heroku.com/reports?s=KnprGAWYwlGRVknNJvi%2FvZu0CES5%2FaHQv%2B40wuJ%2F0so%3D\u0026sid=c46efe9b-d3d2-4a0c-8c76-bfafa16c5add\u0026ts=1770368116"}],"max_age":3600}[\r][\n]"
08:55:16.043 [pool-2-thread-2] DEBUG org.apache.http.wire -- http-outgoing-4 << "[\r][\n]"
08:55:16.043 [pool-2-thread-1] DEBUG org.apache.http.wire -- http-outgoing-2 << "{"token":"ea2bb6d6e2ae8ff"}"
08:55:16.043 [pool-2-thread-5] DEBUG org.apache.http.wire -- http-outgoing-1 << "Reporting-Endpoints: heroku-nel="https://nel.heroku.com/reports?s=KnprGAWYwlGRVknNJvi%2FvZu0CES5%2FaHQv%2B40wuJ%2F0so%3D&sid=c46efe9b-d3d2-4a0c-8c76-bfafa16c5add&ts=1770368116"[\r][\n]"
08:55:16.043 [pool-2-thread-2] DEBUG org.apache.http.wire -- http-outgoing-4 << "I'm a Teapot"
08:55:16.043 [pool-2-thread-5] DEBUG org.apache.http.wire -- http-outgoing-1 << "Server: Heroku[\r][\n]"
08:55:16.043 [pool-2-thread-5] DEBUG org.apache.http.wire -- http-outgoing-1 << "Via: 1.1 heroku-router[\r][\n]"
08:55:16.043 [pool-2-thread-5] DEBUG org.apache.http.wire -- http-outgoing-1 << "X-Powered-By: Express[\r][\n]"
08:55:16.043 [pool-2-thread-5] DEBUG org.apache.http.wire -- http-outgoing-1 << "[\r][\n]"
08:55:16.044 [pool-2-thread-5] DEBUG org.apache.http.wire -- http-outgoing-1 << "[{"bookingid":2100},{"bookingid":1036},{"bookingid":1190},{"bookingid":1795},{"bookingid":1900},{"bookingid":920},{"bookingid":1678},{"bookingid":1225},{"bookingid":2501},{"bookingid":1827},{"bookingid":1925},{"bookingid":1650},{"bookingid":147},{"bookingid":68},{"bookingid":132},{"bookingid":826},{"bookingid":1495},{"bookingid":281},{"bookingid":6},{"bookingid":1723},{"bookingid":1541},{"bookingid":100},{"bookingid":2489},{"bookingid":1096},{"bookingid":1003},{"bookingid":855},{"bookingid":306},{"bookingid":556},{"bookingid":605},{"bookingid":2312},{"bookingid":577},{"bookingid":1339},{"bookingid":2288},{"bookingid":324},{"bookingid":2435},{"bookingid":239},{"bookingid":1010},{"bookingid":1153},{"bookingid":595},{"bookingid":1177},{"bookingid":2165},{"bookingid":2468},{"bookingid":108},{"bookingid":1288},{"bookingid":2196},{"bookingid":69},{"bookingid":295},{"bookingid":1874},{"bookingid":2533},{"bookingid":2003},{"bookingid":2176},{"bookingid":360},{"bookingid":2502},{"bookingid":270},{"bookingid":30},{"bookingid":2073},{"bookingid":2391},{"bookingid":558},{"bookingid":1045},{"bookingid":325},{"bookingid":2315},{"bookingid":201},{"bookingid":842},{"bookingid":2478},{"bookingid":737},{"bookingid":1515},{"bookingid":103},{"bookingid":786},{"bookingid":140},{"bookingid":1002},{"bookingid":1937},{"bookingid":583},{"bookingid":1496},{"bookingid":825},{"bookingid":435},{"bookingid":1371},{"bookingid":2303},{"bookingid":511},{"bookingid":860},{"bookingid":1254},{"bookingid":408},{"bookingid":1435},{"bookingid":219},{"bookingid":1540},{"bookingid":793},{"bookingid":465},{"bookingid":2000},{"bookingid":268},{"bookingid":283},{"bookingid":1653},{"bookingid":312},{"bookingid":1203},{"bookingid":1807},{"bookingid":1446},{"bookingid":1291},{"bookingid":2156},{"bookingid":1248},{"bookingid":1944},{"bookingid":1185},{"bookingid":111},{"bookingid":813},{"bookingid":2030},{"bookingid":1504},{"bookingid":341},{"bookingid":1868},{"bookingid":112},{"bookingid":2330},{"bookingid":1486},{"bookingid":2409},{"bookingid":2433},{"bookingid":1577},{"bookingid":2214},{"bookingid":330},{"bookingid":1578},{"bookingid":1014},{"bookingid":2387},{"bookingid":1554},{"bookingid":2067},{"bookingid":2351},{"bookingid":899},{"bookingid":570},{"bookingid":51},{"bookingid":1478},{"bookingid":1768},{"bookingid":721},{"bookingid":805},{"bookingid":649},{"bookingid":709},{"bookingid":2077},{"bookingid":1697},{"bookingid":819},{"bookingid":1150},{"bookingid":175},{"bookingid":1826},{"bookingid":510},{"bookingid":2477},{"bookingid":1928},{"bookingid":684},{"bookingid":2463},{"bookingid":316},{"bookingid":22},{"bookingid":2093},{"bookingid":1004},{"bookingid":596},{"bookingid":1070},{"bookingid":1760},{"bookingid":2248},{"bookingid":44},{"bookingid":1292},{"bookingid":589},{"bookingid":1028},{"bookingid":2205},{"bookingid":2252},{"bookingid":63},{"bookingid":446},{"bookingid":1102},{"bookingid":1852},{"bookingid":1899},{"bookingid":616},{"bookingid":1735},{"bookingid":2013},{"bookingid":1309},{"bookingid":130},{"bookingid":2293},{"bookingid":2233},{"bookingid":345},{"bookingid":2261},{"bookingid":453},{"bookingid":2096},{"bookingid":1472},{"bookingid":2082},{"bookingid":2356},{"bookingid":2304},{"bookingid":673},{"bookingid":1311},{"bookingid":1419},{"bookingid":519},{"bookingid":57},{"bookingid":550},{"bookingid":586}"
08:55:16.046 [pool-2-thread-1] DEBUG org.apache.http.headers -- http-outgoing-2 << HTTP/1.1 200 OK
08:55:16.046 [pool-2-thread-5] DEBUG org.apache.http.headers -- http-outgoing-1 << HTTP/1.1 200 OK
08:55:16.046 [pool-2-thread-5] DEBUG org.apache.http.headers -- http-outgoing-1 << Content-Length: 32329
08:55:16.046 [pool-2-thread-5] DEBUG org.apache.http.headers -- http-outgoing-1 << Content-Type: application/json; charset=utf-8
08:55:16.046 [pool-2-thread-2] DEBUG org.apache.http.headers -- http-outgoing-4 << HTTP/1.1 418 I'm a teapot
08:55:16.046 [pool-2-thread-2] DEBUG org.apache.http.headers -- http-outgoing-4 << Content-Length: 12
08:55:16.046 [pool-2-thread-1] DEBUG org.apache.http.headers -- http-outgoing-2 << Content-Length: 27
08:55:16.046 [pool-2-thread-1] DEBUG org.apache.http.headers -- http-outgoing-2 << Content-Type: application/json; charset=utf-8
08:55:16.046 [pool-2-thread-3] DEBUG org.apache.http.headers -- http-outgoing-3 << HTTP/1.1 200 OK
08:55:16.046 [pool-2-thread-3] DEBUG org.apache.http.headers -- http-outgoing-3 << Content-Length: 27
08:55:16.046 [pool-2-thread-3] DEBUG org.apache.http.headers -- http-outgoing-3 << Content-Type: application/json; charset=utf-8
08:55:16.046 [pool-2-thread-5] DEBUG org.apache.http.headers -- http-outgoing-1 << Date: Fri, 06 Feb 2026 08:55:16 GMT
08:55:16.046 [pool-2-thread-4] DEBUG org.apache.http.headers -- http-outgoing-0 << HTTP/1.1 418 I'm a teapot
08:55:16.046 [pool-2-thread-2] DEBUG org.apache.http.headers -- http-outgoing-4 << Content-Type: text/plain; charset=utf-8
08:55:16.046 [pool-2-thread-3] DEBUG org.apache.http.headers -- http-outgoing-3 << Date: Fri, 06 Feb 2026 08:55:16 GMT
08:55:16.046 [pool-2-thread-1] DEBUG org.apache.http.headers -- http-outgoing-2 << Date: Fri, 06 Feb 2026 08:55:16 GMT
08:55:16.046 [pool-2-thread-1] DEBUG org.apache.http.headers -- http-outgoing-2 << Etag: W/"1b-XC/L+37iPWYBp3OcCkjJ9w/of2w"
08:55:16.046 [pool-2-thread-1] DEBUG org.apache.http.headers -- http-outgoing-2 << Nel: {"report_to":"heroku-nel","response_headers":["Via"],"max_age":3600,"success_fraction":0.01,"failure_fraction":0.1}
08:55:16.046 [pool-2-thread-1] DEBUG org.apache.http.headers -- http-outgoing-2 << Report-To: {"group":"heroku-nel","endpoints":[{"url":"https://nel.heroku.com/reports?s=KnprGAWYwlGRVknNJvi%2FvZu0CES5%2FaHQv%2B40wuJ%2F0so%3D\u0026sid=c46efe9b-d3d2-4a0c-8c76-bfafa16c5add\u0026ts=1770368116"}],"max_age":3600}
08:55:16.046 [pool-2-thread-1] DEBUG org.apache.http.headers -- http-outgoing-2 << Reporting-Endpoints: heroku-nel="https://nel.heroku.com/reports?s=KnprGAWYwlGRVknNJvi%2FvZu0CES5%2FaHQv%2B40wuJ%2F0so%3D&sid=c46efe9b-d3d2-4a0c-8c76-bfafa16c5add&ts=1770368116"
08:55:16.046 [pool-2-thread-1] DEBUG org.apache.http.headers -- http-outgoing-2 << Server: Heroku
08:55:16.046 [pool-2-thread-5] DEBUG org.apache.http.headers -- http-outgoing-1 << Etag: W/"7e49-Uyk7QNrgZtk+w/XybSazi0SQz1U"
08:55:16.046 [pool-2-thread-4] DEBUG org.apache.http.headers -- http-outgoing-0 << Content-Length: 12
08:55:16.046 [pool-2-thread-4] DEBUG org.apache.http.headers -- http-outgoing-0 << Content-Type: text/plain; charset=utf-8
08:55:16.046 [pool-2-thread-4] DEBUG org.apache.http.headers -- http-outgoing-0 << Date: Fri, 06 Feb 2026 08:55:16 GMT
08:55:16.046 [pool-2-thread-4] DEBUG org.apache.http.headers -- http-outgoing-0 << Etag: W/"c-2UDTmC4hdG5PUA+z8oDkrgejuV8"
08:55:16.046 [pool-2-thread-4] DEBUG org.apache.http.headers -- http-outgoing-0 << Nel: {"report_to":"heroku-nel","response_headers":["Via"],"max_age":3600,"success_fraction":0.01,"failure_fraction":0.1}
08:55:16.046 [pool-2-thread-2] DEBUG org.apache.http.headers -- http-outgoing-4 << Date: Fri, 06 Feb 2026 08:55:16 GMT
08:55:16.046 [pool-2-thread-2] DEBUG org.apache.http.headers -- http-outgoing-4 << Etag: W/"c-2UDTmC4hdG5PUA+z8oDkrgejuV8"
08:55:16.046 [pool-2-thread-4] DEBUG org.apache.http.headers -- http-outgoing-0 << Report-To: {"group":"heroku-nel","endpoints":[{"url":"https://nel.heroku.com/reports?s=KnprGAWYwlGRVknNJvi%2FvZu0CES5%2FaHQv%2B40wuJ%2F0so%3D\u0026sid=c46efe9b-d3d2-4a0c-8c76-bfafa16c5add\u0026ts=1770368116"}],"max_age":3600}
08:55:16.046 [pool-2-thread-3] DEBUG org.apache.http.headers -- http-outgoing-3 << Etag: W/"1b-5BKKYZDGysGa1xc49RGhl6Ik2gE"
08:55:16.046 [pool-2-thread-1] DEBUG org.apache.http.headers -- http-outgoing-2 << Via: 1.1 heroku-router
08:55:16.046 [pool-2-thread-1] DEBUG org.apache.http.headers -- http-outgoing-2 << X-Powered-By: Express
08:55:16.046 [pool-2-thread-5] DEBUG org.apache.http.headers -- http-outgoing-1 << Nel: {"report_to":"heroku-nel","response_headers":["Via"],"max_age":3600,"success_fraction":0.01,"failure_fraction":0.1}
08:55:16.046 [pool-2-thread-2] DEBUG org.apache.http.headers -- http-outgoing-4 << Nel: {"report_to":"heroku-nel","response_headers":["Via"],"max_age":3600,"success_fraction":0.01,"failure_fraction":0.1}
08:55:16.047 [pool-2-thread-5] DEBUG org.apache.http.headers -- http-outgoing-1 << Report-To: {"group":"heroku-nel","endpoints":[{"url":"https://nel.heroku.com/reports?s=KnprGAWYwlGRVknNJvi%2FvZu0CES5%2FaHQv%2B40wuJ%2F0so%3D\u0026sid=c46efe9b-d3d2-4a0c-8c76-bfafa16c5add\u0026ts=1770368116"}],"max_age":3600}
08:55:16.047 [pool-2-thread-2] DEBUG org.apache.http.headers -- http-outgoing-4 << Report-To: {"group":"heroku-nel","endpoints":[{"url":"https://nel.heroku.com/reports?s=KnprGAWYwlGRVknNJvi%2FvZu0CES5%2FaHQv%2B40wuJ%2F0so%3D\u0026sid=c46efe9b-d3d2-4a0c-8c76-bfafa16c5add\u0026ts=1770368116"}],"max_age":3600}
08:55:16.047 [pool-2-thread-5] DEBUG org.apache.http.headers -- http-outgoing-1 << Reporting-Endpoints: heroku-nel="https://nel.heroku.com/reports?s=KnprGAWYwlGRVknNJvi%2FvZu0CES5%2FaHQv%2B40wuJ%2F0so%3D&sid=c46efe9b-d3d2-4a0c-8c76-bfafa16c5add&ts=1770368116"
08:55:16.046 [pool-2-thread-4] DEBUG org.apache.http.headers -- http-outgoing-0 << Reporting-Endpoints: heroku-nel="https://nel.heroku.com/reports?s=KnprGAWYwlGRVknNJvi%2FvZu0CES5%2FaHQv%2B40wuJ%2F0so%3D&sid=c46efe9b-d3d2-4a0c-8c76-bfafa16c5add&ts=1770368116"
08:55:16.047 [pool-2-thread-4] DEBUG org.apache.http.headers -- http-outgoing-0 << Server: Heroku
08:55:16.047 [pool-2-thread-4] DEBUG org.apache.http.headers -- http-outgoing-0 << Via: 1.1 heroku-router
08:55:16.047 [pool-2-thread-4] DEBUG org.apache.http.headers -- http-outgoing-0 << X-Powered-By: Express
08:55:16.046 [pool-2-thread-3] DEBUG org.apache.http.headers -- http-outgoing-3 << Nel: {"report_to":"heroku-nel","response_headers":["Via"],"max_age":3600,"success_fraction":0.01,"failure_fraction":0.1}
08:55:16.047 [pool-2-thread-2] DEBUG org.apache.http.headers -- http-outgoing-4 << Reporting-Endpoints: heroku-nel="https://nel.heroku.com/reports?s=KnprGAWYwlGRVknNJvi%2FvZu0CES5%2FaHQv%2B40wuJ%2F0so%3D&sid=c46efe9b-d3d2-4a0c-8c76-bfafa16c5add&ts=1770368116"
08:55:16.047 [pool-2-thread-2] DEBUG org.apache.http.headers -- http-outgoing-4 << Server: Heroku
08:55:16.047 [pool-2-thread-2] DEBUG org.apache.http.headers -- http-outgoing-4 << Via: 1.1 heroku-router
08:55:16.047 [pool-2-thread-2] DEBUG org.apache.http.headers -- http-outgoing-4 << X-Powered-By: Express
08:55:16.047 [pool-2-thread-5] DEBUG org.apache.http.headers -- http-outgoing-1 << Server: Heroku
08:55:16.047 [pool-2-thread-3] DEBUG org.apache.http.headers -- http-outgoing-3 << Report-To: {"group":"heroku-nel","endpoints":[{"url":"https://nel.heroku.com/reports?s=KnprGAWYwlGRVknNJvi%2FvZu0CES5%2FaHQv%2B40wuJ%2F0so%3D\u0026sid=c46efe9b-d3d2-4a0c-8c76-bfafa16c5add\u0026ts=1770368116"}],"max_age":3600}
08:55:16.047 [pool-2-thread-3] DEBUG org.apache.http.headers -- http-outgoing-3 << Reporting-Endpoints: heroku-nel="https://nel.heroku.com/reports?s=KnprGAWYwlGRVknNJvi%2FvZu0CES5%2FaHQv%2B40wuJ%2F0so%3D&sid=c46efe9b-d3d2-4a0c-8c76-bfafa16c5add&ts=1770368116"
08:55:16.047 [pool-2-thread-3] DEBUG org.apache.http.headers -- http-outgoing-3 << Server: Heroku
08:55:16.047 [pool-2-thread-3] DEBUG org.apache.http.headers -- http-outgoing-3 << Via: 1.1 heroku-router
08:55:16.047 [pool-2-thread-5] DEBUG org.apache.http.headers -- http-outgoing-1 << Via: 1.1 heroku-router
08:55:16.047 [pool-2-thread-3] DEBUG org.apache.http.headers -- http-outgoing-3 << X-Powered-By: Express
08:55:16.047 [pool-2-thread-5] DEBUG org.apache.http.headers -- http-outgoing-1 << X-Powered-By: Express
08:55:16.050 [pool-2-thread-5] DEBUG org.apache.http.impl.execchain.MainClientExec -- Connection can be kept alive indefinitely
08:55:16.050 [pool-2-thread-1] DEBUG org.apache.http.impl.execchain.MainClientExec -- Connection can be kept alive indefinitely
08:55:16.050 [pool-2-thread-3] DEBUG org.apache.http.impl.execchain.MainClientExec -- Connection can be kept alive indefinitely
08:55:16.050 [pool-2-thread-4] DEBUG org.apache.http.impl.execchain.MainClientExec -- Connection can be kept alive indefinitely
08:55:16.050 [pool-2-thread-2] DEBUG org.apache.http.impl.execchain.MainClientExec -- Connection can be kept alive indefinitely
08:55:16.052 [pool-2-thread-2] DEBUG org.apache.http.impl.conn.PoolingHttpClientConnectionManager -- Connection [id: 2][route: {s}->https://restful-booker.herokuapp.com:443] can be kept alive indefinitely
08:55:16.052 [pool-2-thread-2] DEBUG org.apache.http.impl.conn.DefaultManagedHttpClientConnection -- http-outgoing-4: set socket timeout to 0
08:55:16.052 [pool-2-thread-4] DEBUG org.apache.http.impl.conn.PoolingHttpClientConnectionManager -- Connection [id: 4][route: {s}->https://restful-booker.herokuapp.com:443] can be kept alive indefinitely
08:55:16.052 [pool-2-thread-1] DEBUG org.apache.http.impl.conn.PoolingHttpClientConnectionManager -- Connection [id: 1][route: {s}->https://restful-booker.herokuapp.com:443] can be kept alive indefinitely
08:55:16.052 [pool-2-thread-3] DEBUG org.apache.http.impl.conn.PoolingHttpClientConnectionManager -- Connection [id: 3][route: {s}->https://restful-booker.herokuapp.com:443] can be kept alive indefinitely
08:55:16.053 [pool-2-thread-3] DEBUG org.apache.http.impl.conn.DefaultManagedHttpClientConnection -- http-outgoing-3: set socket timeout to 0
08:55:16.053 [pool-2-thread-3] DEBUG org.apache.http.impl.conn.PoolingHttpClientConnectionManager -- Connection released: [id: 3][route: {s}->https://restful-booker.herokuapp.com:443][total available: 1; route allocated: 1 of 5; total allocated: 1 of 10]
08:55:16.053 [pool-2-thread-2] DEBUG org.apache.http.impl.conn.PoolingHttpClientConnectionManager -- Connection released: [id: 2][route: {s}->https://restful-booker.herokuapp.com:443][total available: 1; route allocated: 1 of 5; total allocated: 1 of 10]
08:55:16.053 [pool-2-thread-3] DEBUG org.apache.http.impl.conn.PoolingHttpClientConnectionManager -- Connection manager is shutting down
08:55:16.053 [pool-2-thread-2] DEBUG org.apache.http.impl.conn.PoolingHttpClientConnectionManager -- Connection manager is shutting down
08:55:16.053 [pool-2-thread-4] DEBUG org.apache.http.impl.conn.DefaultManagedHttpClientConnection -- http-outgoing-0: set socket timeout to 0
08:55:16.053 [pool-2-thread-1] DEBUG org.apache.http.impl.conn.DefaultManagedHttpClientConnection -- http-outgoing-2: set socket timeout to 0
08:55:16.053 [pool-2-thread-4] DEBUG org.apache.http.impl.conn.PoolingHttpClientConnectionManager -- Connection released: [id: 4][route: {s}->https://restful-booker.herokuapp.com:443][total available: 1; route allocated: 1 of 5; total allocated: 1 of 10]
08:55:16.053 [pool-2-thread-1] DEBUG org.apache.http.impl.conn.PoolingHttpClientConnectionManager -- Connection released: [id: 1][route: {s}->https://restful-booker.herokuapp.com:443][total available: 1; route allocated: 1 of 5; total allocated: 1 of 10]
08:55:16.053 [pool-2-thread-4] DEBUG org.apache.http.impl.conn.PoolingHttpClientConnectionManager -- Connection manager is shutting down
08:55:16.053 [pool-2-thread-1] DEBUG org.apache.http.impl.conn.PoolingHttpClientConnectionManager -- Connection manager is shutting down
08:55:16.053 [pool-2-thread-5] DEBUG org.apache.http.wire -- http-outgoing-1 << ",{"bookingid":1718},{"bookingid":2199},{"bookingid":368},{"bookingid":1073},{"bookingid":1897},{"bookingid":296},{"bookingid":2280},{"bookingid":1137},{"bookingid":78},{"bookingid":459},{"bookingid":1954},{"bookingid":1550},{"bookingid":604},{"bookingid":150},{"bookingid":395},{"bookingid":1745},{"bookingid":1305},{"bookingid":575},{"bookingid":2017},{"bookingid":884},{"bookingid":1086},{"bookingid":1785},{"bookingid":1258},{"bookingid":2460},{"bookingid":681},{"bookingid":47},{"bookingid":667},{"bookingid":2143},{"bookingid":2005},{"bookingid":2474},{"bookingid":481},{"bookingid":1695},{"bookingid":2406},{"bookingid":1368},{"bookingid":765},{"bookingid":2153},{"bookingid":806},{"bookingid":2217},{"bookingid":1},{"bookingid":390},{"bookingid":2103},{"bookingid":1401},{"bookingid":54},{"bookingid":76},{"bookingid":1664},{"bookingid":1308},{"bookingid":2268},{"bookingid":1676},{"bookingid":310},{"bookingid":2368},{"bookingid":2426},{"bookingid":767},{"bookingid":378},{"bookingid":157},{"bookingid":2513},{"booki"
08:55:16.053 [pool-2-thread-1] DEBUG org.apache.http.impl.conn.DefaultManagedHttpClientConnection -- http-outgoing-2: Close connection
08:55:16.054 [pool-2-thread-2] DEBUG org.apache.http.impl.conn.DefaultManagedHttpClientConnection -- http-outgoing-4: Close connection
08:55:16.053 [pool-2-thread-3] DEBUG org.apache.http.impl.conn.DefaultManagedHttpClientConnection -- http-outgoing-3: Close connection
08:55:16.054 [pool-2-thread-5] DEBUG org.apache.http.wire -- http-outgoing-1 << "ngid":1774},{"bookingid":1610},{"bookingid":2202},{"bookingid":1229},{"bookingid":2244},{"bookingid":562},{"bookingid":1360},{"bookingid":2508},{"bookingid":914},{"bookingid":401},{"bookingid":1921},{"bookingid":663},{"bookingid":768},{"bookingid":1370},{"bookingid":548},{"bookingid":1782},{"bookingid":1499},{"bookingid":2484},{"bookingid":115},{"bookingid":2162},{"bookingid":2084},{"bookingid":2457},{"bookingid":508},{"bookingid":587},{"bookingid":255},{"bookingid":603},{"bookingid":2413},{"bookingid":965},{"bookingid":2453},{"bookingid":878},{"bookingid":1468},{"bookingid":2172},{"bookingid":1270},{"bookingid":386},{"bookingid":1545},{"bookingid":1120},{"bookingid":53},{"bookingid":2326},{"bookingid":153},{"bookingid":1239},{"bookingid":1260},{"bookingid":727},{"bookingid":1467},{"bookingid":739},{"bookingid":278},{"bookingid":1630},{"bookingid":2226},{"bookingid":832},{"bookingid":932},{"bookingid":1930},{"bookingid":424},{"bookingid":1613},{"bookingid":1066},{"bookingid":50},{"bookingid":2104},{"bookingid"
08:55:16.054 [pool-2-thread-4] DEBUG org.apache.http.impl.conn.DefaultManagedHttpClientConnection -- http-outgoing-0: Close connection
08:55:16.054 [pool-2-thread-5] DEBUG org.apache.http.wire -- http-outgoing-1 << "":1692},{"bookingid":978},{"bookingid":1555},{"bookingid":1981},{"bookingid":1824},{"bookingid":549},{"bookingid":1135},{"bookingid":1604},{"bookingid":1223},{"bookingid":814},{"bookingid":1969},{"bookingid":794},{"bookingid":2235},{"bookingid":1055},{"bookingid":954},{"bookingid":1058},{"bookingid":645},{"bookingid":1417},{"bookingid":1093},{"bookingid":989},{"bookingid":1365},{"bookingid":1470},{"bookingid":321},{"bookingid":2492},{"bookingid":1780},{"bookingid":1366},{"bookingid":1890},{"bookingid":1747},{"bookingid":43},{"bookingid":1802},{"bookingid":165},{"bookingid":1376},{"bookingid":2417},{"bookingid":2008},{"bookingid":2274},{"bookingid":1770},{"bookingid":1181},{"bookingid":1777},{"bookingid":2423},{"bookingid":1527},{"bookingid":1979},{"bookingid":655},{"bookingid":1512},{"bookingid":678},{"bookingid":771},{"bookingid":2482},{"bookingid":1016},{"bookingid":1542},{"bookingid":834},{"bookingid":953},{"bookingid":2116},{"bookingid":1871},{"bookingid":816},{"bookingid":527},{"bookingid":2108},{"bookin"
08:55:16.054 [pool-2-thread-5] DEBUG org.apache.http.wire -- http-outgoing-1 << "gid":1041},{"bookingid":71},{"bookingid":1442},{"bookingid":1667},{"bookingid":2238},{"bookingid":627},{"bookingid":1531},{"bookingid":256},{"bookingid":640},{"bookingid":1704},{"bookingid":724},{"bookingid":666},{"bookingid":1566},{"bookingid":1936},{"bookingid":251},{"bookingid":880},{"bookingid":700},{"bookingid":266},{"bookingid":1142},{"bookingid":1803},{"bookingid":565},{"bookingid":2342},{"bookingid":2485},{"bookingid":322},{"bookingid":1315},{"bookingid":2271},{"bookingid":89},{"bookingid":93},{"bookingid":1643},{"bookingid":2382},{"bookingid":1993},{"bookingid":1385},{"bookingid":28},{"bookingid":1202},{"bookingid":868},{"bookingid":297},{"bookingid":350},{"bookingid":1072},{"bookingid":1699},{"bookingid":1573},{"bookingid":373},{"bookingid":1886},{"bookingid":2440},{"bookingid":996},{"bookingid":1926},{"bookingid":1483},{"bookingid":1878},{"bookingid":2308},{"bookingid":660},{"bookingid":1556},{"bookingid":543},{"bookingid":2253},{"bookingid":2341},{"bookingid":2354},{"bookingid":1183},{"bookingid":"
08:55:16.054 [pool-2-thread-5] DEBUG org.apache.http.wire -- http-outgoing-1 << "23},{"bookingid":1572},{"bookingid":1206},{"bookingid":559},{"bookingid":1963},{"bookingid":902},{"bookingid":442},{"bookingid":1743},{"bookingid":1426},{"bookingid":1418},{"bookingid":1677},{"bookingid":166},{"bookingid":469},{"bookingid":2038},{"bookingid":1278},{"bookingid":1906},{"bookingid":133},{"bookingid":2363},{"bookingid":1666},{"bookingid":1338},{"bookingid":1812},{"bookingid":796},{"bookingid":2397},{"bookingid":246},{"bookingid":2139},{"bookingid":355},{"bookingid":1255},{"bookingid":1701},{"bookingid":1970},{"bookingid":1739},{"bookingid":2018},{"bookingid":1919},{"bookingid":428},{"bookingid":1719},{"bookingid":2372},{"bookingid":1873},{"bookingid":1238},{"bookingid":274},{"bookingid":2086},{"bookingid":2523},{"bookingid":1362},{"bookingid":1810},{"bookingid":959},{"bookingid":923},{"bookingid":2404},{"bookingid":1056},{"bookingid":87},{"bookingid":1430},{"bookingid":926},{"bookingid":1727},{"bookingid":736},{"bookingid":515},{"bookingid":849},{"bookingid":209},{"bookingid":1017},{"bookingid":5"
08:55:16.054 [pool-2-thread-5] DEBUG org.apache.http.wire -- http-outgoing-1 << "60},{"bookingid":1965},{"bookingid":540},{"bookingid":2301},{"bookingid":612},{"bookingid":754},{"bookingid":214},{"bookingid":1526},{"bookingid":2374},{"bookingid":779},{"bookingid":780},{"bookingid":1635},{"bookingid":716},{"bookingid":1569},{"bookingid":1281},{"bookingid":1212},{"bookingid":1154},{"bookingid":809},{"bookingid":488},{"bookingid":991},{"bookingid":2526},{"bookingid":1398},{"bookingid":571},{"bookingid":21},{"bookingid":1772},{"bookingid":672},{"bookingid":2400},{"bookingid":2361},{"bookingid":1686},{"bookingid":2343},{"bookingid":1221},{"bookingid":1046},{"bookingid":824},{"bookingid":2427},{"bookingid":1272},{"bookingid":477},{"bookingid":651},{"bookingid":699},{"bookingid":490},{"bookingid":2297},{"bookingid":2399},{"bookingid":1463},{"bookingid":1632},{"bookingid":717},{"bookingid":2090},{"bookingid":162},{"bookingid":1069},{"bookingid":405},{"bookingid":2146},{"bookingid":2441},{"bookingid":1410},{"bookingid":1535},{"bookingid":1862},{"bookingid":1948},{"bookingid":630},{"bookingid":733}"
08:55:16.054 [pool-2-thread-5] DEBUG org.apache.http.wire -- http-outgoing-1 << ",{"bookingid":2231},{"bookingid":1920},{"bookingid":1703},{"bookingid":1553},{"bookingid":1674},{"bookingid":26},{"bookingid":1141},{"bookingid":1393},{"bookingid":1737},{"bookingid":1489},{"bookingid":1663},{"bookingid":466},{"bookingid":1592},{"bookingid":1640},{"bookingid":1848},{"bookingid":764},{"bookingid":467},{"bookingid":2089},{"bookingid":1020},{"bookingid":335},{"bookingid":635},{"bookingid":96},{"bookingid":290},{"bookingid":1334},{"bookingid":134},{"bookingid":1688},{"bookingid":2388},{"bookingid":977},{"bookingid":114},{"bookingid":1074},{"bookingid":981},{"bookingid":1210},{"bookingid":391},{"bookingid":1377},{"bookingid":430},{"bookingid":2102},{"bookingid":1027},{"bookingid":1383},{"bookingid":2189},{"bookingid":1671},{"bookingid":336},{"bookingid":437},{"bookingid":2376},{"bookingid":1950},{"bookingid":1551},{"bookingid":1602},{"bookingid":601},{"bookingid":1146},{"bookingid":2052},{"bookingid":2464},{"bookingid":1143},{"bookingid":628},{"bookingid":1517},{"bookingid":2456},{"bookingid":301}"
08:55:16.054 [pool-2-thread-5] DEBUG org.apache.http.wire -- http-outgoing-1 << ",{"bookingid":1452},{"bookingid":434},{"bookingid":67},{"bookingid":1731},{"bookingid":1054},{"bookingid":2097},{"bookingid":1344},{"bookingid":634},{"bookingid":8},{"bookingid":2117},{"bookingid":1809},{"bookingid":1373},{"bookingid":822},{"bookingid":2120},{"bookingid":1404},{"bookingid":871},{"bookingid":1591},{"bookingid":2053},{"bookingid":2325},{"bookingid":2219},{"bookingid":2295},{"bookingid":2348},{"bookingid":1816},{"bookingid":282},{"bookingid":669},{"bookingid":1634},{"bookingid":903},{"bookingid":1985},{"bookingid":751},{"bookingid":487},{"bookingid":263},{"bookingid":661},{"bookingid":1159},{"bookingid":2289},{"bookingid":2517},{"bookingid":1829},{"bookingid":61},{"bookingid":1081},{"bookingid":1547},{"bookingid":79},{"bookingid":1130},{"bookingid":969},{"bookingid":1762},{"bookingid":1749},{"bookingid":1105},{"bookingid":2133},{"bookingid":33},{"bookingid":46},{"bookingid":2070},{"bookingid":852},{"bookingid":2350},{"bookingid":1855},{"bookingid":440},{"bookingid":2263},{"bookingid":1049},{"boo"
08:55:16.054 [pool-2-thread-5] DEBUG org.apache.http.wire -- http-outgoing-1 << "kingid":2001},{"bookingid":1841},{"bookingid":454},{"bookingid":181},{"bookingid":1021},{"bookingid":945},{"bookingid":696},{"bookingid":2241},{"bookingid":1521},{"bookingid":406},{"bookingid":1256},{"bookingid":41},{"bookingid":774},{"bookingid":745},{"bookingid":2328},{"bookingid":695},{"bookingid":421},{"bookingid":189},{"bookingid":1075},{"bookingid":94},{"bookingid":2532},{"bookingid":896},{"bookingid":123},{"bookingid":12},{"bookingid":2043},{"bookingid":1534},{"bookingid":364},{"bookingid":820},{"bookingid":870},{"bookingid":205},{"bookingid":2163},{"bookingid":783},{"bookingid":1989},{"bookingid":1767},{"bookingid":1958},{"bookingid":2283},{"bookingid":531},{"bookingid":760},{"bookingid":1620},{"bookingid":193},{"bookingid":1101},{"bookingid":1250},{"bookingid":393},{"bookingid":1182},{"bookingid":1784},{"bookingid":536},{"bookingid":36},{"bookingid":448},{"bookingid":1533},{"bookingid":2272},{"bookingid":2473},{"bookingid":843},{"bookingid":1319},{"bookingid":2127},{"bookingid":1052},{"bookingid":197"
08:55:16.054 [pool-2-thread-5] DEBUG org.apache.http.wire -- http-outgoing-1 << "5},{"bookingid":2074},{"bookingid":2169},{"bookingid":2098},{"bookingid":2260},{"bookingid":1187},{"bookingid":1191},{"bookingid":1329},{"bookingid":1626},{"bookingid":789},{"bookingid":1149},{"bookingid":192},{"bookingid":1197},{"bookingid":983},{"bookingid":838},{"bookingid":854},{"bookingid":3},{"bookingid":456},{"bookingid":124},{"bookingid":2220},{"bookingid":1451},{"bookingid":1294},{"bookingid":2207},{"bookingid":2240},{"bookingid":545},{"bookingid":1080},{"bookingid":1396},{"bookingid":187},{"bookingid":1367},{"bookingid":1090},{"bookingid":1672},{"bookingid":1838},{"bookingid":1356},{"bookingid":564},{"bookingid":1888},{"bookingid":1571},{"bookingid":1938},{"bookingid":876},{"bookingid":441},{"bookingid":1947},{"bookingid":1596},{"bookingid":815},{"bookingid":525},{"bookingid":242},{"bookingid":445},{"bookingid":1283},{"bookingid":199},{"bookingid":1488},{"bookingid":892},{"bookingid":1789},{"bookingid":2339},{"bookingid":9},{"bookingid":354},{"bookingid":1732},{"bookingid":535},{"bookingid":1211},{""
08:55:16.054 [pool-2-thread-5] DEBUG org.apache.http.wire -- http-outgoing-1 << "bookingid":2032},{"bookingid":1622},{"bookingid":1751},{"bookingid":2320},{"bookingid":1744},{"bookingid":1389},{"bookingid":2331},{"bookingid":581},{"bookingid":1854},{"bookingid":2137},{"bookingid":1835},{"bookingid":1155},{"bookingid":997},{"bookingid":411},{"bookingid":1123},{"bookingid":349},{"bookingid":1402},{"bookingid":475},{"bookingid":2023},{"bookingid":167},{"bookingid":2149},{"bookingid":2269},{"bookingid":2475},{"bookingid":303},{"bookingid":1806},{"bookingid":1323},{"bookingid":1866},{"bookingid":105},{"bookingid":1713},{"bookingid":1199},{"bookingid":1755},{"bookingid":1279},{"bookingid":1340},{"bookingid":70},{"bookingid":1544},{"bookingid"
08:55:16.055 [pool-2-thread-1] DEBUG org.apache.http.impl.conn.PoolingHttpClientConnectionManager -- Connection manager shut down
08:55:16.055 [pool-2-thread-3] DEBUG org.apache.http.impl.conn.PoolingHttpClientConnectionManager -- Connection manager shut down
08:55:16.055 [pool-2-thread-4] DEBUG org.apache.http.impl.conn.PoolingHttpClientConnectionManager -- Connection manager shut down
08:55:16.055 [pool-2-thread-2] DEBUG org.apache.http.impl.conn.PoolingHttpClientConnectionManager -- Connection manager shut down
08:55:16.058 [pool-2-thread-1] DEBUG com.intuit.karate -- response time in milliseconds: 511
1 < 200
1 < Content-Length: 27
1 < Content-Type: application/json; charset=utf-8
1 < Date: Fri, 06 Feb 2026 08:55:16 GMT
1 < Etag: W/"1b-XC/L+37iPWYBp3OcCkjJ9w/of2w"
1 < Nel: {"report_to":"heroku-nel","response_headers":["Via"],"max_age":3600,"success_fraction":0.01,"failure_fraction":0.1}
1 < Report-To: {"group":"heroku-nel","endpoints":[{"url":"https://nel.heroku.com/reports?s=KnprGAWYwlGRVknNJvi%2FvZu0CES5%2FaHQv%2B40wuJ%2F0so%3D\u0026sid=c46efe9b-d3d2-4a0c-8c76-bfafa16c5add\u0026ts=1770368116"}],"max_age":3600}
1 < Reporting-Endpoints: heroku-nel="https://nel.heroku.com/reports?s=KnprGAWYwlGRVknNJvi%2FvZu0CES5%2FaHQv%2B40wuJ%2F0so%3D&sid=c46efe9b-d3d2-4a0c-8c76-bfafa16c5add&ts=1770368116"
1 < Server: Heroku
1 < Via: 1.1 heroku-router
1 < X-Powered-By: Express
{"token":"ea2bb6d6e2ae8ff"}

08:55:16.058 [pool-2-thread-2] DEBUG com.intuit.karate -- response time in milliseconds: 511
1 < 418
1 < Content-Length: 12
1 < Content-Type: text/plain; charset=utf-8
1 < Date: Fri, 06 Feb 2026 08:55:16 GMT
1 < Etag: W/"c-2UDTmC4hdG5PUA+z8oDkrgejuV8"
1 < Nel: {"report_to":"heroku-nel","response_headers":["Via"],"max_age":3600,"success_fraction":0.01,"failure_fraction":0.1}
1 < Report-To: {"group":"heroku-nel","endpoints":[{"url":"https://nel.heroku.com/reports?s=KnprGAWYwlGRVknNJvi%2FvZu0CES5%2FaHQv%2B40wuJ%2F0so%3D\u0026sid=c46efe9b-d3d2-4a0c-8c76-bfafa16c5add\u0026ts=1770368116"}],"max_age":3600}
1 < Reporting-Endpoints: heroku-nel="https://nel.heroku.com/reports?s=KnprGAWYwlGRVknNJvi%2FvZu0CES5%2FaHQv%2B40wuJ%2F0so%3D&sid=c46efe9b-d3d2-4a0c-8c76-bfafa16c5add&ts=1770368116"
1 < Server: Heroku
1 < Via: 1.1 heroku-router
1 < X-Powered-By: Express
I'm a Teapot

08:55:16.058 [pool-2-thread-3] DEBUG com.intuit.karate -- response time in milliseconds: 511
1 < 200
1 < Content-Length: 27
1 < Content-Type: application/json; charset=utf-8
1 < Date: Fri, 06 Feb 2026 08:55:16 GMT
1 < Etag: W/"1b-5BKKYZDGysGa1xc49RGhl6Ik2gE"
1 < Nel: {"report_to":"heroku-nel","response_headers":["Via"],"max_age":3600,"success_fraction":0.01,"failure_fraction":0.1}
1 < Report-To: {"group":"heroku-nel","endpoints":[{"url":"https://nel.heroku.com/reports?s=KnprGAWYwlGRVknNJvi%2FvZu0CES5%2FaHQv%2B40wuJ%2F0so%3D\u0026sid=c46efe9b-d3d2-4a0c-8c76-bfafa16c5add\u0026ts=1770368116"}],"max_age":3600}
1 < Reporting-Endpoints: heroku-nel="https://nel.heroku.com/reports?s=KnprGAWYwlGRVknNJvi%2FvZu0CES5%2FaHQv%2B40wuJ%2F0so%3D&sid=c46efe9b-d3d2-4a0c-8c76-bfafa16c5add&ts=1770368116"
1 < Server: Heroku
1 < Via: 1.1 heroku-router
1 < X-Powered-By: Express
{"token":"0026b52c308ee88"}

08:55:16.058 [pool-2-thread-4] DEBUG com.intuit.karate -- response time in milliseconds: 512
1 < 418
1 < Content-Length: 12
1 < Content-Type: text/plain; charset=utf-8
1 < Date: Fri, 06 Feb 2026 08:55:16 GMT
1 < Etag: W/"c-2UDTmC4hdG5PUA+z8oDkrgejuV8"
1 < Nel: {"report_to":"heroku-nel","response_headers":["Via"],"max_age":3600,"success_fraction":0.01,"failure_fraction":0.1}
[...]
[THYMELEAF]             * [* {th:manifest,data-th-manifest}] [1000]: org.thymeleaf.standard.processor.StandardRemovableAttributeTagProcessor
[THYMELEAF]             * [* {th:size,data-th-size}] [1000]: org.thymeleaf.standard.processor.StandardRemovableAttributeTagProcessor
[THYMELEAF]             * [* {th:codebase,data-th-codebase}] [1000]: org.thymeleaf.standard.processor.StandardRemovableAttributeTagProcessor
[THYMELEAF]             * [* {th:cite,data-th-cite}] [1000]: org.thymeleaf.standard.processor.StandardRemovableAttributeTagProcessor
[THYMELEAF]             * [* {th:compact,data-th-compact}] [1000]: org.thymeleaf.standard.processor.StandardRemovableAttributeTagProcessor
[THYMELEAF]             * [* {th:headers,data-th-headers}] [1000]: org.thymeleaf.standard.processor.StandardRemovableAttributeTagProcessor
[THYMELEAF]             * [* {th:cellpadding,data-th-cellpadding}] [1000]: org.thymeleaf.standard.processor.StandardRemovableAttributeTagProcessor
[THYMELEAF]             * [* {th:data,data-th-data}] [1000]: org.thymeleaf.standard.processor.StandardRemovableAttributeTagProcessor
[THYMELEAF]             * [* {th:title,data-th-title}] [1000]: org.thymeleaf.standard.processor.StandardRemovableAttributeTagProcessor
[THYMELEAF]             * [* {th:srclang,data-th-srclang}] [1000]: org.thymeleaf.standard.processor.StandardRemovableAttributeTagProcessor
[THYMELEAF]             * [* {th:draggable,data-th-draggable}] [1000]: org.thymeleaf.standard.processor.StandardRemovableAttributeTagProcessor
[THYMELEAF]             * [* {th:media,data-th-media}] [1000]: org.thymeleaf.standard.processor.StandardRemovableAttributeTagProcessor
[THYMELEAF]             * [* {th:placeholder,data-th-placeholder}] [1000]: org.thymeleaf.standard.processor.StandardRemovableAttributeTagProcessor
[THYMELEAF]             * [* {th:frame,data-th-frame}] [1000]: org.thymeleaf.standard.processor.StandardRemovableAttributeTagProcessor
[THYMELEAF]             * [* {th:formtarget,data-th-formtarget}] [1000]: org.thymeleaf.standard.processor.StandardRemovableAttributeTagProcessor
[THYMELEAF]             * [* {th:marginheight,data-th-marginheight}] [1000]: org.thymeleaf.standard.processor.StandardRemovableAttributeTagProcessor
[THYMELEAF]             * [* {th:datetime,data-th-datetime}] [1000]: org.thymeleaf.standard.processor.StandardRemovableAttributeTagProcessor
[THYMELEAF]             * [* {th:cols,data-th-cols}] [1000]: org.thymeleaf.standard.processor.StandardRemovableAttributeTagProcessor
[THYMELEAF]             * [* {th:width,data-th-width}] [1000]: org.thymeleaf.standard.processor.StandardRemovableAttributeTagProcessor
[THYMELEAF]             * [* {th:axis,data-th-axis}] [1000]: org.thymeleaf.standard.processor.StandardRemovableAttributeTagProcessor
[THYMELEAF]             * [* {th:audio,data-th-audio}] [1000]: org.thymeleaf.standard.processor.StandardRemovableAttributeTagProcessor
[THYMELEAF]             * [* {th:lang,data-th-lang}] [1000]: org.thymeleaf.standard.processor.StandardRemovableAttributeTagProcessor
[THYMELEAF]             * [* {th:label,data-th-label}] [1000]: org.thymeleaf.standard.processor.StandardRemovableAttributeTagProcessor
[THYMELEAF]             * [* {th:high,data-th-high}] [1000]: org.thymeleaf.standard.processor.StandardRemovableAttributeTagProcessor
[THYMELEAF]             * [* {th:form,data-th-form}] [1000]: org.thymeleaf.standard.processor.StandardRemovableAttributeTagProcessor
[THYMELEAF]             * [* {th:challenge,data-th-challenge}] [1000]: org.thymeleaf.standard.processor.StandardRemovableAttributeTagProcessor
[THYMELEAF]             * [* {th:preload,data-th-preload}] [1000]: org.thymeleaf.standard.processor.StandardRemovableAttributeTagProcessor
[THYMELEAF]             * [* {th:colspan,data-th-colspan}] [1000]: org.thymeleaf.standard.processor.StandardRemovableAttributeTagProcessor
[THYMELEAF]             * [* {th:hspace,data-th-hspace}] [1000]: org.thymeleaf.standard.processor.StandardRemovableAttributeTagProcessor
[THYMELEAF]             * [* {th:scheme,data-th-scheme}] [1000]: org.thymeleaf.standard.processor.StandardRemovableAttributeTagProcessor
[THYMELEAF]             * [* {th:contextmenu,data-th-contextmenu}] [1000]: org.thymeleaf.standard.processor.StandardRemovableAttributeTagProcessor
[THYMELEAF]             * [* {th:dir,data-th-dir}] [1000]: org.thymeleaf.standard.processor.StandardRemovableAttributeTagProcessor
[THYMELEAF]             * [* {th:standby,data-th-standby}] [1000]: org.thymeleaf.standard.processor.StandardRemovableAttributeTagProcessor
[THYMELEAF]             * [* {th:style,data-th-style}] [1000]: org.thymeleaf.standard.processor.StandardRemovableAttributeTagProcessor
[THYMELEAF]             * [* {th:cellspacing,data-th-cellspacing}] [1000]: org.thymeleaf.standard.processor.StandardRemovableAttributeTagProcessor
[THYMELEAF]             * [* {th:codetype,data-th-codetype}] [1000]: org.thymeleaf.standard.processor.StandardRemovableAttributeTagProcessor
[THYMELEAF]             * [* {th:rows,data-th-rows}] [1000]: org.thymeleaf.standard.processor.StandardRemovableAttributeTagProcessor
[THYMELEAF]             * [* {th:radiogroup,data-th-radiogroup}] [1000]: org.thymeleaf.standard.processor.StandardRemovableAttributeTagProcessor
[THYMELEAF]             * [* {th:enctype,data-th-enctype}] [1000]: org.thymeleaf.standard.processor.StandardRemovableAttributeTagProcessor
[THYMELEAF]             * [* {th:src,data-th-src}] [1000]: org.thymeleaf.standard.processor.StandardSrcTagProcessor
[THYMELEAF]             * [* {th:value,data-th-value}] [1000]: org.thymeleaf.standard.processor.StandardValueTagProcessor
[THYMELEAF]             * [* {th:xmlbase,data-th-xmlbase}] [1000]: org.thymeleaf.standard.processor.StandardXmlBaseTagProcessor
[THYMELEAF]             * [* {th:xmllang,data-th-xmllang}] [1000]: org.thymeleaf.standard.processor.StandardXmlLangTagProcessor
[THYMELEAF]             * [* {xmlns:th}] [1000]: org.thymeleaf.standard.processor.StandardXmlNsTagProcessor
[THYMELEAF]             * [* {th:xmlspace,data-th-xmlspace}] [1000]: org.thymeleaf.standard.processor.StandardXmlSpaceTagProcessor
[THYMELEAF]             * [* {th:classappend,data-th-classappend}] [1100]: org.thymeleaf.standard.processor.StandardClassappendTagProcessor
[THYMELEAF]             * [* {th:styleappend,data-th-styleappend}] [1100]: org.thymeleaf.standard.processor.StandardStyleappendTagProcessor
[THYMELEAF]             * [* {th:text,data-th-text}] [1300]: org.thymeleaf.standard.processor.StandardTextTagProcessor
[THYMELEAF]             * [* {th:utext,data-th-utext}] [1400]: org.thymeleaf.standard.processor.StandardUtextTagProcessor
[THYMELEAF]             * [* {th:fragment,data-th-fragment}] [1500]: org.thymeleaf.standard.processor.StandardFragmentTagProcessor
[THYMELEAF]             * [* {th:assert,data-th-assert}] [1550]: org.thymeleaf.standard.processor.StandardAssertTagProcessor
[THYMELEAF]             * [* {th:remove,data-th-remove}] [1600]: org.thymeleaf.standard.processor.StandardRemoveTagProcessor
[THYMELEAF]             * [* {th:ref,data-th-ref}] [10000]: org.thymeleaf.standard.processor.StandardRefAttributeTagProcessor
[THYMELEAF]             * [{th:block,th-block} *] [100000]: org.thymeleaf.standard.processor.StandardBlockTagProcessor
[THYMELEAF]             * [* th:*] [2147483647]: org.thymeleaf.standard.processor.StandardDefaultAttributesTagProcessor
[THYMELEAF]         * Text Processors by [precedence]:
[THYMELEAF]             * [1000]: org.thymeleaf.standard.processor.StandardInliningTextProcessor
[THYMELEAF]         * DOCTYPE Processors by [precedence]:
[THYMELEAF]             * [1000]: org.thymeleaf.standard.processor.StandardTranslationDocTypeProcessor
[THYMELEAF]         * CDATA Section Processors by [precedence]:
[THYMELEAF]             * [1000]: org.thymeleaf.standard.processor.StandardInliningCDATASectionProcessor
[THYMELEAF]         * Comment Processors by [precedence]:
[THYMELEAF]             * [1000]: org.thymeleaf.standard.processor.StandardInliningCommentProcessor
[THYMELEAF]             * [1100]: org.thymeleaf.standard.processor.StandardConditionalCommentProcessor
[THYMELEAF]     * Processors for Template Mode: XML
[THYMELEAF]         * Element Tag Processors by [matching element and attribute name] [precedence]:
[THYMELEAF]             * [* {th:include}] [100]: org.thymeleaf.standard.processor.StandardIncludeTagProcessor
[THYMELEAF]             * [* {th:insert}] [100]: org.thymeleaf.standard.processor.StandardInsertTagProcessor
[THYMELEAF]             * [* {th:replace}] [100]: org.thymeleaf.standard.processor.StandardReplaceTagProcessor
[THYMELEAF]             * [* {th:each}] [200]: com.intuit.karate.template.KarateEachTagProcessor
[THYMELEAF]             * [* {th:switch}] [250]: org.thymeleaf.standard.processor.StandardSwitchTagProcessor
[THYMELEAF]             * [* {th:case}] [275]: org.thymeleaf.standard.processor.StandardCaseTagProcessor
[THYMELEAF]             * [* {th:if}] [300]: org.thymeleaf.standard.processor.StandardIfTagProcessor
[THYMELEAF]             * [* {th:unless}] [400]: org.thymeleaf.standard.processor.StandardUnlessTagProcessor
[THYMELEAF]             * [* {th:object}] [500]: org.thymeleaf.standard.processor.StandardObjectTagProcessor
[THYMELEAF]             * [* {th:with}] [600]: com.intuit.karate.template.KarateWithTagProcessor
[THYMELEAF]             * [* {th:attr}] [700]: com.intuit.karate.template.KarateAttributeTagProcessor.KarateAttrTagProcessor
[THYMELEAF]             * [* {th:attrappend}] [900]: com.intuit.karate.template.KarateAttributeTagProcessor.KarateAttrappendTagProcessor
[THYMELEAF]             * [* {th:attrprepend}] [900]: com.intuit.karate.template.KarateAttributeTagProcessor.KarateAttrprependTagProcessor
[THYMELEAF]             * [* {th:inline}] [1000]: org.thymeleaf.standard.processor.StandardInlineXMLTagProcessor
[THYMELEAF]             * [* {xmlns:th}] [1000]: org.thymeleaf.standard.processor.StandardXmlNsTagProcessor
[THYMELEAF]             * [* {th:text}] [1300]: org.thymeleaf.standard.processor.StandardTextTagProcessor
[THYMELEAF]             * [* {th:utext}] [1400]: org.thymeleaf.standard.processor.StandardUtextTagProcessor
[THYMELEAF]             * [* {th:fragment}] [1500]: org.thymeleaf.standard.processor.StandardFragmentTagProcessor
[THYMELEAF]             * [* {th:assert}] [1550]: org.thymeleaf.standard.processor.StandardAssertTagProcessor
[THYMELEAF]             * [* {th:remove}] [1600]: org.thymeleaf.standard.processor.StandardRemoveTagProcessor
[THYMELEAF]             * [* {th:ref}] [10000]: org.thymeleaf.standard.processor.StandardRefAttributeTagProcessor
[THYMELEAF]             * [{th:block} *] [100000]: org.thymeleaf.standard.processor.StandardBlockTagProcessor
[THYMELEAF]             * [* th:*] [2147483647]: org.thymeleaf.standard.processor.StandardDefaultAttributesTagProcessor
[THYMELEAF]         * Text Processors by [precedence]:
[THYMELEAF]             * [1000]: org.thymeleaf.standard.processor.StandardInliningTextProcessor
[THYMELEAF]         * CDATA Section Processors by [precedence]:
[THYMELEAF]             * [1000]: org.thymeleaf.standard.processor.StandardInliningCDATASectionProcessor
[THYMELEAF]         * Comment Processors by [precedence]:
[THYMELEAF]             * [1000]: org.thymeleaf.standard.processor.StandardInliningCommentProcessor
[THYMELEAF]     * Processors for Template Mode: TEXT
[THYMELEAF]         * Element Tag Processors by [matching element and attribute name] [precedence]:
[THYMELEAF]             * [* {th:insert}] [100]: org.thymeleaf.standard.processor.StandardInsertTagProcessor
[THYMELEAF]             * [* {th:replace}] [100]: org.thymeleaf.standard.processor.StandardReplaceTagProcessor
[THYMELEAF]             * [* {th:each}] [200]: com.intuit.karate.template.KarateEachTagProcessor
[THYMELEAF]             * [* {th:switch}] [250]: org.thymeleaf.standard.processor.StandardSwitchTagProcessor
[THYMELEAF]             * [* {th:case}] [275]: org.thymeleaf.standard.processor.StandardCaseTagProcessor
[THYMELEAF]             * [* {th:if}] [300]: org.thymeleaf.standard.processor.StandardIfTagProcessor
[THYMELEAF]             * [* {th:unless}] [400]: org.thymeleaf.standard.processor.StandardUnlessTagProcessor
[THYMELEAF]             * [* {th:object}] [500]: org.thymeleaf.standard.processor.StandardObjectTagProcessor
[THYMELEAF]             * [* {th:with}] [600]: com.intuit.karate.template.KarateWithTagProcessor
[THYMELEAF]             * [* {th:inline}] [1000]: org.thymeleaf.standard.processor.StandardInlineTextualTagProcessor
[THYMELEAF]             * [* {th:text}] [1300]: org.thymeleaf.standard.processor.StandardTextTagProcessor
[THYMELEAF]             * [* {th:utext}] [1400]: org.thymeleaf.standard.processor.StandardUtextTagProcessor
[THYMELEAF]             * [* {th:assert}] [1550]: org.thymeleaf.standard.processor.StandardAssertTagProcessor
[THYMELEAF]             * [* {th:remove}] [1600]: org.thymeleaf.standard.processor.StandardRemoveTagProcessor
[THYMELEAF]             * [{th:block} *] [100000]: org.thymeleaf.standard.processor.StandardBlockTagProcessor
[THYMELEAF]             * [* 100000] [org.thymeleaf.standard.processor.StandardBlockTagProcessor]: {}
[THYMELEAF]         * Text Processors by [precedence]:
[THYMELEAF]             * [1000]: org.thymeleaf.standard.processor.StandardInliningTextProcessor
[THYMELEAF]     * Processors for Template Mode: JAVASCRIPT
[THYMELEAF]         * Element Tag Processors by [matching element and attribute name] [precedence]:
[THYMELEAF]             * [* {th:insert}] [100]: org.thymeleaf.standard.processor.StandardInsertTagProcessor
[THYMELEAF]             * [* {th:replace}] [100]: org.thymeleaf.standard.processor.StandardReplaceTagProcessor
[THYMELEAF]             * [* {th:each}] [200]: com.intuit.karate.template.KarateEachTagProcessor
[THYMELEAF]             * [* {th:switch}] [250]: org.thymeleaf.standard.processor.StandardSwitchTagProcessor
[THYMELEAF]             * [* {th:case}] [275]: org.thymeleaf.standard.processor.StandardCaseTagProcessor
[THYMELEAF]             * [* {th:if}] [300]: org.thymeleaf.standard.processor.StandardIfTagProcessor
[THYMELEAF]             * [* {th:unless}] [400]: org.thymeleaf.standard.processor.StandardUnlessTagProcessor
[THYMELEAF]             * [* {th:object}] [500]: org.thymeleaf.standard.processor.StandardObjectTagProcessor
[THYMELEAF]             * [* {th:with}] [600]: com.intuit.karate.template.KarateWithTagProcessor
[THYMELEAF]             * [* {th:inline}] [1000]: org.thymeleaf.standard.processor.StandardInlineTextualTagProcessor
[THYMELEAF]             * [* {th:text}] [1300]: org.thymeleaf.standard.processor.StandardTextTagProcessor
[THYMELEAF]             * [* {th:utext}] [1400]: org.thymeleaf.standard.processor.StandardUtextTagProcessor
[THYMELEAF]             * [* {th:assert}] [1550]: org.thymeleaf.standard.processor.StandardAssertTagProcessor
[THYMELEAF]             * [* {th:remove}] [1600]: org.thymeleaf.standard.processor.StandardRemoveTagProcessor
[THYMELEAF]             * [* 100000] [org.thymeleaf.standard.processor.StandardBlockTagProcessor]: {}
[THYMELEAF]             * [{th:block} *] [100000]: org.thymeleaf.standard.processor.StandardBlockTagProcessor
[THYMELEAF]         * Text Processors by [precedence]:
[THYMELEAF]             * [1000]: org.thymeleaf.standard.processor.StandardInliningTextProcessor
[THYMELEAF]     * Processors for Template Mode: CSS
[THYMELEAF]         * Element Tag Processors by [matching element and attribute name] [precedence]:
[THYMELEAF]             * [* {th:insert}] [100]: org.thymeleaf.standard.processor.StandardInsertTagProcessor
[THYMELEAF]             * [* {th:replace}] [100]: org.thymeleaf.standard.processor.StandardReplaceTagProcessor
[THYMELEAF]             * [* {th:each}] [200]: com.intuit.karate.template.KarateEachTagProcessor
[THYMELEAF]             * [* {th:switch}] [250]: org.thymeleaf.standard.processor.StandardSwitchTagProcessor
[THYMELEAF]             * [* {th:case}] [275]: org.thymeleaf.standard.processor.StandardCaseTagProcessor
[THYMELEAF]             * [* {th:if}] [300]: org.thymeleaf.standard.processor.StandardIfTagProcessor
[THYMELEAF]             * [* {th:unless}] [400]: org.thymeleaf.standard.processor.StandardUnlessTagProcessor
[THYMELEAF]             * [* {th:object}] [500]: org.thymeleaf.standard.processor.StandardObjectTagProcessor
[THYMELEAF]             * [* {th:with}] [600]: com.intuit.karate.template.KarateWithTagProcessor
[THYMELEAF]             * [* {th:inline}] [1000]: org.thymeleaf.standard.processor.StandardInlineTextualTagProcessor
[THYMELEAF]             * [* {th:text}] [1300]: org.thymeleaf.standard.processor.StandardTextTagProcessor
[THYMELEAF]             * [* {th:utext}] [1400]: org.thymeleaf.standard.processor.StandardUtextTagProcessor
[THYMELEAF]             * [* {th:assert}] [1550]: org.thymeleaf.standard.processor.StandardAssertTagProcessor
[THYMELEAF]             * [* {th:remove}] [1600]: org.thymeleaf.standard.processor.StandardRemoveTagProcessor
[THYMELEAF]             * [* 100000] [org.thymeleaf.standard.processor.StandardBlockTagProcessor]: {}
[THYMELEAF]             * [{th:block} *] [100000]: org.thymeleaf.standard.processor.StandardBlockTagProcessor
[THYMELEAF]         * Text Processors by [precedence]:
[THYMELEAF]             * [1000]: org.thymeleaf.standard.processor.StandardInliningTextProcessor
[THYMELEAF]     * Expression Objects:
[THYMELEAF]         * #ctx
[THYMELEAF]         * #root
[THYMELEAF]         * #vars
[THYMELEAF]         * #object
[THYMELEAF]         * #locale
[THYMELEAF]         * #conversions
[THYMELEAF]         * #uris
[THYMELEAF]         * #temporals
[THYMELEAF]         * #calendars
[THYMELEAF]         * #dates
[THYMELEAF]         * #bools
[THYMELEAF]         * #numbers
[THYMELEAF]         * #objects
[THYMELEAF]         * #strings
[THYMELEAF]         * #arrays
[THYMELEAF]         * #lists
[THYMELEAF]         * #sets
[THYMELEAF]         * #maps
[THYMELEAF]         * #aggregates
[THYMELEAF]         * #messages
[THYMELEAF]         * #ids
[THYMELEAF]         * #execInfo
[THYMELEAF]         * #request
[THYMELEAF]         * #response
[THYMELEAF]         * #session
[THYMELEAF]         * #servletContext
[THYMELEAF]     * Execution Attributes:
[THYMELEAF]         * "StandardExpressionParser": com.intuit.karate.template.KarateStandardDialect@2f6bbeb0
[THYMELEAF]         * "StandardJavaScriptSerializer": org.thymeleaf.standard.serializer.StandardJavaScriptSerializer@43b0ade
[THYMELEAF]         * "StandardCSSSerializer": org.thymeleaf.standard.serializer.StandardCSSSerializer@5395ea39
[THYMELEAF]         * "StandardVariableExpressionEvaluator": com.intuit.karate.template.KarateStandardDialect@2f6bbeb0
[THYMELEAF]         * "StandardConversionService": org.thymeleaf.standard.expression.StandardConversionService@1517f633
[THYMELEAF] * Dialect [2 of 2]: karate (com.intuit.karate.template.KarateScriptDialect)
[THYMELEAF]     * Prefix: "ka"
[THYMELEAF]     * Processors for Template Mode: HTML
[THYMELEAF]         * Element Tag Processors by [matching element and attribute name] [precedence]:
[THYMELEAF]             * [* {src}] [1000]: com.intuit.karate.template.KaScriptAttrProcessor
[THYMELEAF]         * Element Model Processors by [matching element and attribute name] [precedence]:
[THYMELEAF]             * [{script} {ka:scope,data-ka-scope}] [1000]: com.intuit.karate.template.KaScriptElemProcessor
[THYMELEAF]             * [* {ka:set,data-ka-set}] [1000]: com.intuit.karate.template.KaSetElemProcessor
[THYMELEAF] TEMPLATE ENGINE CONFIGURED OK
08:55:17.325 [main] DEBUG org.thymeleaf.TemplateEngine -- [THYMELEAF] TEMPLATE ENGINE INITIALIZED

HTML report: (paste into browser to view) | Karate version: 1.4.1
file:///app/target/karate-reports/karate-summary.html
===================================================================

]]></system-out>
  </testcase>
</testsuite>