<?xml version="1.0" encoding="UTF-8"?>
<!-- Generated by org.testng.reporters.JUnitReportReporter -->
<testsuite hostname="Kerem-PC" failures="0" tests="1" name="com.akakce.runners.TestRunner" time="45.330" errors="1" timestamp="2026-02-05T22:21:40 PST" skipped="0">
  <testcase classname="com.akakce.runners.TestRunner" name="runScenario" time="45.330">
    <error message="Detail price not found" type="java.lang.RuntimeException">
      <![CDATA[java.lang.RuntimeException: Detail price not found
at com.akakce.pages.AkakcePage.getDetailPrice(AkakcePage.java:170)
at com.akakce.steps.AkakceSteps.validate(AkakceSteps.java:53)
at âœ½.prices should be equal and seller button visible(file:///C:/Users/kerem/web-ui-automation/mobile-ui/src/test/resources/features/akakce.feature:8)
]]>
    </error>
  </testcase> <!-- runScenario -->
</testsuite> <!-- com.akakce.runners.TestRunner -->
