<?xml version="1.0" encoding="UTF-8"?>
<!-- Generated by org.testng.reporters.JUnitReportReporter -->
<testsuite hostname="Kerem-PC" failures="0" tests="5" name="com.vakifbank.runners.TestRunner" time="76.471" errors="0" timestamp="2026-02-05T01:16:11 PST" skipped="0">
  <testcase classname="com.vakifbank.runners.TestRunner" name="runScenario" time="12.492"/>
  <testcase classname="com.vakifbank.runners.TestRunner" name="runScenario" time="19.761"/>
  <testcase classname="com.vakifbank.runners.TestRunner" name="runScenario" time="14.625"/>
  <testcase classname="com.vakifbank.runners.TestRunner" name="runScenario" time="24.910"/>
  <testcase classname="com.vakifbank.runners.TestRunner" name="runScenario" time="4.683"/>
</testsuite> <!-- com.vakifbank.runners.TestRunner -->
