<?xml version="1.0" encoding="UTF-8"?>
<!-- Generated by org.testng.reporters.JUnitXMLReporter -->
<testsuite ignored="0" hostname="Kerem-PC" failures="1" tests="2" name="Surefire test" time="47.548" errors="0" timestamp="2026-02-05T22:21:40 PST">
  <testcase classname="io.cucumber.testng.AbstractTestNGCucumberTests" name="runScenario" time="45.33">
    <failure type="java.lang.RuntimeException" message="Detail price not found">
      <![CDATA[java.lang.RuntimeException: Detail price not found
at com.akakce.pages.AkakcePage.getDetailPrice(AkakcePage.java:170)
at com.akakce.steps.AkakceSteps.validate(AkakceSteps.java:53)
at âœ½.prices should be equal and seller button visible(file:///C:/Users/kerem/web-ui-automation/mobile-ui/src/test/resources/features/akakce.feature:8)
]]>
    </failure>
  </testcase> <!-- runScenario -->
  <testcase classname="com.akakce.tests.SmokeTest" name="openAppTest" time="1.844"/>
</testsuite> <!-- Surefire test -->
