<?xml version="1.0" encoding="UTF-8"?>
<testsuite xmlns:xsi="http://www.w3.org/2001/XMLSchema-instance" xsi:noNamespaceSchemaLocation="https://maven.apache.org/surefire/maven-surefire-plugin/xsd/surefire-test-report-3.0.xsd" version="3.0" name="TestSuite" time="25.398" tests="5" errors="0" skipped="0" failures="0">
  <properties>
[...]
</properties>
  <testcase name="runScenario[&quot;Validate book list rows and details&quot;, &quot;Book Store List Validation&quot;](1)" classname="com.vakifbank.runners.TestRunner" time="4.683">
    <system-out><![CDATA[
Scenario: Click on a non-existing menu item         &amp#27;[90m# src/test/resources/features/invalid_navigation.feature:3&amp#27;[0m

Scenario: All fields are filled correctly                    &amp#27;[90m# src/test/resources/features/practice_form.feature:3&amp#27;[0m

Scenario: Validate book list rows and details        &amp#27;[90m# src/test/resources/features/book_store.feature:3&amp#27;[0m

Scenario: Only mandatory fields are filled                    &amp#27;[90m# src/test/resources/features/practice_form.feature:9&amp#27;[0m

Scenario: Validate all alert popups                 &amp#27;[90m# src/test/resources/features/alerts.feature:3&amp#27;[0m
  &amp#27;[32mGiven &amp#27;[0m&amp#27;[32muser navigates to Book Store page&amp#27;[0m            &amp#27;[90m# com.vakifbank.stepdefinitions.BookStoreSteps.user_navigates_to_book_store_page()&amp#27;[0m
  &amp#27;[32mThen &amp#27;[0m&amp#27;[32mbook table rows should be displayed correctly&amp#27;[0m &amp#27;[90m# com.vakifbank.stepdefinitions.BookStoreSteps.book_table_rows_should_be_displayed_correctly()&amp#27;[0m

    Total book count: 10


    Book List:


    1. Git Pocket Guide | Richard E. Silverman | O'Reilly Media


    2. Learning JavaScript Design Patterns | Addy Osmani | O'Reilly Media


    3. Designing Evolvable Web APIs with ASP.NET | Glenn Block et al. | O'Reilly Media


    4. Speaking JavaScript | Axel Rauschmayer | O'Reilly Media


    5. You Don't Know JS | Kyle Simpson | O'Reilly Media


    6. Programming JavaScript Applications | Eric Elliott | O'Reilly Media


    7. Eloquent JavaScript, Second Edition | Marijn Haverbeke | No Starch Press


    8. Understanding ECMAScript 6 | Nicholas C. Zakas | No Starch Press


    9.   |   |  


    10.   |   |  

  &amp#27;[32mAnd &amp#27;[0m&amp#27;[32mbook details should be listed in the report&amp#27;[0m    &amp#27;[90m# com.vakifbank.stepdefinitions.BookStoreSteps.book_details_should_be_listed_in_the_report()&amp#27;[0m
]]></system-out>
    <system-err><![CDATA[SLF4J: Failed to load class "org.slf4j.impl.StaticLoggerBinder".
SLF4J: Defaulting to no-operation (NOP) logger implementation
SLF4J: See http://www.slf4j.org/codes.html#StaticLoggerBinder for further details.
Feb 05, 2026 1:15:46 A.M. org.openqa.selenium.remote.tracing.opentelemetry.OpenTelemetryTracer createTracer
INFO: Using OpenTelemetry for tracing
]]></system-err>
  </testcase>
  <testcase name="runScenario[&quot;Validate all alert popups&quot;, &quot;Alerts validation&quot;](2)" classname="com.vakifbank.runners.TestRunner" time="12.49">
    <system-out><![CDATA[  &amp#27;[32mGiven &amp#27;[0m&amp#27;[32muser navigates to Alerts page&amp#27;[0m               &amp#27;[90m# com.vakifbank.stepdefinitions.AlertsSteps.user_navigates_to_alerts_page()&amp#27;[0m
  &amp#27;[32mWhen &amp#27;[0m&amp#27;[32muser clicks all alert buttons&amp#27;[0m                &amp#27;[90m# com.vakifbank.stepdefinitions.AlertsSteps.user_clicks_all_alert_buttons()&amp#27;[0m
  &amp#27;[32mThen &amp#27;[0m&amp#27;[32malert messages should be validated correctly&amp#27;[0m &amp#27;[90m# com.vakifbank.stepdefinitions.AlertsSteps.alert_messages_should_be_validated_correctly()&amp#27;[0m
]]></system-out>
  </testcase>
  <testcase name="runScenario[&quot;Click on a non-existing menu item&quot;, &quot;Invalid menu navigation&quot;](3)" classname="com.vakifbank.runners.TestRunner" time="14.623">
    <system-out><![CDATA[  &amp#27;[32mGiven &amp#27;[0m&amp#27;[32muser navigates to Elements page&amp#27;[0m             &amp#27;[90m# com.vakifbank.stepdefinitions.InvalidNavigationSteps.user_navigates_to_elements_page()&amp#27;[0m
  &amp#27;[32mWhen &amp#27;[0m&amp#27;[32muser tries to click a non-existing menu item&amp#27;[0m &amp#27;[90m# com.vakifbank.stepdefinitions.InvalidNavigationSteps.user_tries_to_click_non_existing_menu_item()&amp#27;[0m
  &amp#27;[32mThen &amp#27;[0m&amp#27;[32moperation should fail gracefully&amp#27;[0m             &amp#27;[90m# com.vakifbank.stepdefinitions.InvalidNavigationSteps.operation_should_fail_gracefully()&amp#27;[0m
]]></system-out>
  </testcase>
  <testcase name="runScenario[&quot;All fields are filled correctly&quot;, &quot;Practice Form Validation&quot;](4)" classname="com.vakifbank.runners.TestRunner" time="19.76">
    <system-out><![CDATA[  &amp#27;[32mGiven &amp#27;[0m&amp#27;[32muser navigates to Practice Form page&amp#27;[0m                 &amp#27;[90m# com.vakifbank.stepdefinitions.PracticeFormSteps.user_navigates_to_practice_form_page()&amp#27;[0m
  &amp#27;[32mWhen &amp#27;[0m&amp#27;[32muser fills all fields with valid data&amp#27;[0m                 &amp#27;[90m# com.vakifbank.stepdefinitions.PracticeFormSteps.user_fills_all_fields_with_valid_data()&amp#27;[0m
  &amp#27;[32mAnd &amp#27;[0m&amp#27;[32muser submits the form&amp#27;[0m                                  &amp#27;[90m# com.vakifbank.stepdefinitions.PracticeFormSteps.user_submits_the_form()&amp#27;[0m
  &amp#27;[32mThen &amp#27;[0m&amp#27;[32mall submitted form data should be displayed correctly&amp#27;[0m &amp#27;[90m# com.vakifbank.stepdefinitions.PracticeFormSteps.all_fields_should_be_displayed_correctly()&amp#27;[0m
]]></system-out>
  </testcase>
  <testcase name="runScenario[&quot;Only mandatory fields are filled&quot;, &quot;Practice Form Validation&quot;](5)" classname="com.vakifbank.runners.TestRunner" time="24.909">
    <system-out><![CDATA[  &amp#27;[32mGiven &amp#27;[0m&amp#27;[32muser navigates to Practice Form page&amp#27;[0m                  &amp#27;[90m# com.vakifbank.stepdefinitions.PracticeFormSteps.user_navigates_to_practice_form_page()&amp#27;[0m
  &amp#27;[32mWhen &amp#27;[0m&amp#27;[32muser fills only mandatory fields&amp#27;[0m                       &amp#27;[90m# com.vakifbank.stepdefinitions.PracticeFormSteps.user_fills_only_mandatory_fields()&amp#27;[0m
  &amp#27;[32mAnd &amp#27;[0m&amp#27;[32muser submits the form&amp#27;[0m                                   &amp#27;[90m# com.vakifbank.stepdefinitions.PracticeFormSteps.user_submits_the_form()&amp#27;[0m
  &amp#27;[32mThen &amp#27;[0m&amp#27;[32monly mandatory form data should be displayed correctly&amp#27;[0m &amp#27;[90m# com.vakifbank.stepdefinitions.PracticeFormSteps.only_mandatory_fields_should_be_displayed_correctly()&amp#27;[0m
]]></system-out>
  </testcase>
</testsuite>