<?xml version="1.0" encoding="UTF-8"?>
<testng-results ignored="0" total="5" passed="5" failed="0" skipped="0">
  <reporter-output>
  </reporter-output>
  <suite started-at="2026-02-05T01:15:46 PST" name="Cucumber Test Suite" finished-at="2026-02-05T01:16:11 PST" duration-ms="25158">
    <groups>
      <group name="cucumber">
        <method signature="AbstractTestNGCucumberTests.runScenario(io.cucumber.testng.PickleWrapper,io.cucumber.testng.FeatureWrapper)[pri:0, instance:com.vakifbank.runners.TestRunner@79924b]" name="runScenario" class="io.cucumber.testng.AbstractTestNGCucumberTests"/>
      </group> <!-- cucumber -->
    </groups>
    <test started-at="2026-02-05T01:15:46 PST" name="Cucumber Tests" finished-at="2026-02-05T01:16:11 PST" duration-ms="25158">
      <class name="com.vakifbank.runners.TestRunner">
        <test-method is-config="true" signature="setUpClass(org.testng.ITestContext)[pri:0, instance:com.vakifbank.runners.TestRunner@79924b]" started-at="2026-02-05T01:15:46 PST" name="setUpClass" finished-at="2026-02-05T01:15:46 PST" duration-ms="114" status="PASS">
          <params>
            <param index="0">
              <value>
                <![CDATA[org.testng.TestRunner@179ece50]]>
              </value>
            </param>
          </params>
          <reporter-output>
          </reporter-output>
        </test-method> <!-- setUpClass -->
        <test-method signature="runScenario(io.cucumber.testng.PickleWrapper,io.cucumber.testng.FeatureWrapper)[pri:0, instance:com.vakifbank.runners.TestRunner@79924b]" started-at="2026-02-05T01:15:46 PST" name="runScenario" description="Runs Cucumber Scenarios" data-provider="scenarios" finished-at="2026-02-05T01:15:58 PST" duration-ms="12492" status="PASS">
          <params>
            <param index="0">
              <value>
                <![CDATA["Validate all alert popups"]]>
              </value>
            </param>
            <param index="1">
              <value>
                <![CDATA["Alerts validation"]]>
              </value>
            </param>
          </params>
          <reporter-output>
          </reporter-output>
        </test-method> <!-- runScenario -->
        <test-method signature="runScenario(io.cucumber.testng.PickleWrapper,io.cucumber.testng.FeatureWrapper)[pri:0, instance:com.vakifbank.runners.TestRunner@79924b]" started-at="2026-02-05T01:15:46 PST" name="runScenario" description="Runs Cucumber Scenarios" data-provider="scenarios" finished-at="2026-02-05T01:16:06 PST" duration-ms="19761" status="PASS">
          <params>
            <param index="0">
              <value>
                <![CDATA["All fields are filled correctly"]]>
              </value>
            </param>
            <param index="1">
              <value>
                <![CDATA["Practice Form Validation"]]>
              </value>
            </param>
          </params>
          <reporter-output>
          </reporter-output>
        </test-method> <!-- runScenario -->
        <test-method signature="runScenario(io.cucumber.testng.PickleWrapper,io.cucumber.testng.FeatureWrapper)[pri:0, instance:com.vakifbank.runners.TestRunner@79924b]" started-at="2026-02-05T01:15:46 PST" name="runScenario" description="Runs Cucumber Scenarios" data-provider="scenarios" finished-at="2026-02-05T01:16:00 PST" duration-ms="14625" status="PASS">
          <params>
            <param index="0">
              <value>
                <![CDATA["Click on a non-existing menu item"]]>
              </value>
            </param>
            <param index="1">
              <value>
                <![CDATA["Invalid menu navigation"]]>
              </value>
            </param>
          </params>
          <reporter-output>
          </reporter-output>
        </test-method> <!-- runScenario -->
        <test-method signature="runScenario(io.cucumber.testng.PickleWrapper,io.cucumber.testng.FeatureWrapper)[pri:0, instance:com.vakifbank.runners.TestRunner@79924b]" started-at="2026-02-05T01:15:46 PST" name="runScenario" description="Runs Cucumber Scenarios" data-provider="scenarios" finished-at="2026-02-05T01:16:11 PST" duration-ms="24910" status="PASS">
          <params>
            <param index="0">
              <value>
                <![CDATA["Only mandatory fields are filled"]]>
              </value>
            </param>
            <param index="1">
              <value>
                <![CDATA["Practice Form Validation"]]>
              </value>
            </param>
          </params>
          <reporter-output>
          </reporter-output>
        </test-method> <!-- runScenario -->
        <test-method signature="runScenario(io.cucumber.testng.PickleWrapper,io.cucumber.testng.FeatureWrapper)[pri:0, instance:com.vakifbank.runners.TestRunner@79924b]" started-at="2026-02-05T01:15:46 PST" name="runScenario" description="Runs Cucumber Scenarios" data-provider="scenarios" finished-at="2026-02-05T01:15:50 PST" duration-ms="4683" status="PASS">
          <params>
            <param index="0">
              <value>
                <![CDATA["Validate book list rows and details"]]>
              </value>
            </param>
            <param index="1">
              <value>
                <![CDATA["Book Store List Validation"]]>
              </value>
            </param>
          </params>
          <reporter-output>
          </reporter-output>
        </test-method> <!-- runScenario -->
        <test-method is-config="true" signature="tearDownClass()[pri:0, instance:com.vakifbank.runners.TestRunner@79924b]" started-at="2026-02-05T01:16:11 PST" name="tearDownClass" finished-at="2026-02-05T01:16:11 PST" duration-ms="117" status="PASS">
          <reporter-output>
          </reporter-output>
        </test-method> <!-- tearDownClass -->
      </class> <!-- com.vakifbank.runners.TestRunner -->
    </test> <!-- Cucumber Tests -->
  </suite> <!-- Cucumber Test Suite -->
</testng-results>
