<?xml version="1.0" encoding="UTF-8"?>
<testng-results ignored="0" total="2" passed="1" failed="1" skipped="0">
  <reporter-output>
  </reporter-output>
  <suite started-at="2026-02-05T22:20:52 PST" name="Surefire suite" finished-at="2026-02-05T22:21:40 PST" duration-ms="47548">
    <groups>
      <group name="cucumber">
        <method signature="AbstractTestNGCucumberTests.runScenario(io.cucumber.testng.PickleWrapper,io.cucumber.testng.FeatureWrapper)[pri:0, instance:com.akakce.runners.TestRunner@c33b74f]" name="runScenario" class="io.cucumber.testng.AbstractTestNGCucumberTests"/>
      </group> <!-- cucumber -->
    </groups>
    <test started-at="2026-02-05T22:20:52 PST" name="Surefire test" finished-at="2026-02-05T22:21:40 PST" duration-ms="47548">
      <class name="com.akakce.runners.TestRunner">
        <test-method is-config="true" signature="setUpClass(org.testng.ITestContext)[pri:0, instance:com.akakce.runners.TestRunner@c33b74f]" started-at="2026-02-05T22:20:52 PST" name="setUpClass" finished-at="2026-02-05T22:20:53 PST" duration-ms="310" status="PASS">
          <params>
            <param index="0">
              <value>
                <![CDATA[org.testng.TestRunner@21d8bcbe]]>
              </value>
            </param>
          </params>
          <reporter-output>
          </reporter-output>
        </test-method> <!-- setUpClass -->
        <test-method signature="runScenario(io.cucumber.testng.PickleWrapper,io.cucumber.testng.FeatureWrapper)[pri:0, instance:com.akakce.runners.TestRunner@c33b74f]" started-at="2026-02-05T22:20:53 PST" name="runScenario" description="Runs Cucumber Scenarios" data-provider="scenarios" finished-at="2026-02-05T22:21:38 PST" duration-ms="45330" status="FAIL">
          <params>
            <param index="0">
              <value>
                <![CDATA["Validate lowest price laptop flow"]]>
              </value>
            </param>
            <param index="1">
              <value>
                <![CDATA["Akakce Mobile Shopping"]]>
              </value>
            </param>
          </params>
          <exception class="java.lang.RuntimeException">
            <message>
              <![CDATA[Detail price not found]]>
            </message>
            <full-stacktrace>
              <![CDATA[java.lang.RuntimeException: Detail price not found
at com.akakce.pages.AkakcePage.getDetailPrice(AkakcePage.java:170)
at com.akakce.steps.AkakceSteps.validate(AkakceSteps.java:53)
at ✽.prices should be equal and seller button visible(file:///C:/Users/kerem/web-ui-automation/mobile-ui/src/test/resources/features/akakce.feature:8)
]]>
            </full-stacktrace>
          </exception> <!-- java.lang.RuntimeException -->
          <reporter-output>
          </reporter-output>
        </test-method> <!-- runScenario -->
        <test-method is-config="true" signature="tearDownClass()[pri:0, instance:com.akakce.runners.TestRunner@c33b74f]" started-at="2026-02-05T22:21:38 PST" name="tearDownClass" finished-at="2026-02-05T22:21:38 PST" duration-ms="39" status="PASS">
          <reporter-output>
          </reporter-output>
        </test-method> <!-- tearDownClass -->
      </class> <!-- com.akakce.runners.TestRunner -->
      <class name="com.akakce.tests.SmokeTest">
        <test-method signature="openAppTest()[pri:0, instance:com.akakce.tests.SmokeTest@188715b5]" started-at="2026-02-05T22:21:38 PST" name="openAppTest" finished-at="2026-02-05T22:21:40 PST" duration-ms="1844" status="PASS">
          <reporter-output>
          </reporter-output>
        </test-method> <!-- openAppTest -->
      </class> <!-- com.akakce.tests.SmokeTest -->
    </test> <!-- Surefire test -->
  </suite> <!-- Surefire suite -->
</testng-results>
