-------------------------------------------------------------------------------
Test set: TestSuite
-------------------------------------------------------------------------------
Tests run: 2, Failures: 1, Errors: 0, Skipped: 0, Time elapsed: 47.83 s <<< FAILURE! -- in TestSuite
com.akakce.runners.TestRunner.runScenario["Validate lowest price laptop flow", "Akakce Mobile Shopping"](1) -- Time elapsed: 45.33 s <<< FAILURE!
java.lang.RuntimeException: Detail price not found
	at com.akakce.pages.AkakcePage.getDetailPrice(AkakcePage.java:170)
	at com.akakce.steps.AkakceSteps.validate(AkakceSteps.java:53)
	at âœ½.prices should be equal and seller button visible(file:///C:/Users/kerem/web-ui-automation/mobile-ui/src/test/resources/features/akakce.feature:8)

