<?xml version="1.0" encoding="UTF-8"?>
<testsuite xmlns:xsi="http://www.w3.org/2001/XMLSchema-instance" xsi:noNamespaceSchemaLocation="https://maven.apache.org/surefire/maven-surefire-plugin/xsd/surefire-test-report-3.0.xsd" version="3.0" name="TestSuite" time="47.835" tests="2" errors="0" skipped="0" failures="1">
  <properties>
[...]
</properties>
  <testcase name="runScenario[&quot;Validate lowest price laptop flow&quot;, &quot;Akakce Mobile Shopping&quot;](1)" classname="com.akakce.runners.TestRunner" time="45.332">
    <failure message="Detail price not found" type="java.lang.RuntimeException"><![CDATA[java.lang.RuntimeException: Detail price not found
	at com.akakce.pages.AkakcePage.getDetailPrice(AkakcePage.java:170)
	at com.akakce.steps.AkakceSteps.validate(AkakceSteps.java:53)
	at ✽.prices should be equal and seller button visible(file:///C:/Users/kerem/web-ui-automation/mobile-ui/src/test/resources/features/akakce.feature:8)
]]></failure>
    <system-out><![CDATA[
Scenario: Validate lowest price laptop flow             &amp#27;[90m# src/test/resources/features/akakce.feature:3&amp#27;[0m
DRIVER AYAGA KALKTI
  &amp#27;[32mGiven &amp#27;[0m&amp#27;[32muser searches for Laptop&amp#27;[0m                        &amp#27;[90m# com.akakce.steps.AkakceSteps.searchLaptop()&amp#27;[0m
  &amp#27;[32mWhen &amp#27;[0m&amp#27;[32muser applies filters&amp#27;[0m                             &amp#27;[90m# com.akakce.steps.AkakceSteps.applyFilters()&amp#27;[0m
  &amp#27;[32mAnd &amp#27;[0m&amp#27;[32muser sorts by lowest price&amp#27;[0m                        &amp#27;[90m# com.akakce.steps.AkakceSteps.sort()&amp#27;[0m
  &amp#27;[32mAnd &amp#27;[0m&amp#27;[32muser selects &amp#27;[0m&amp#27;[32m&amp#27;[1m9&amp#27;[0m&amp#27;[32mth product&amp#27;[0m                          &amp#27;[90m# com.akakce.steps.AkakceSteps.selectProduct(int)&amp#27;[0m
  &amp#27;[31mThen &amp#27;[0m&amp#27;[31mprices should be equal and seller button visible&amp#27;[0m &amp#27;[90m# com.akakce.steps.AkakceSteps.validate()&amp#27;[0m
      &amp#27;[31mjava.lang.RuntimeException: Detail price not found
	at com.akakce.pages.AkakcePage.getDetailPrice(AkakcePage.java:170)
	at com.akakce.steps.AkakceSteps.validate(AkakceSteps.java:53)
	at ✽.prices should be equal and seller button visible(file:///C:/Users/kerem/web-ui-automation/mobile-ui/src/test/resources/features/akakce.feature:8)
&amp#27;[0m

    Embedding FAILED SCREENSHOT [image/png 56162 bytes]

]]></system-out>
    <system-err><![CDATA[SLF4J(W): No SLF4J providers were found.
SLF4J(W): Defaulting to no-operation (NOP) logger implementation
SLF4J(W): See https://www.slf4j.org/codes.html#noProviders for further details.
]]></system-err>
  </testcase>
  <testcase name="openAppTest" classname="com.akakce.tests.SmokeTest" time="1.845">
    <system-out><![CDATA[DRIVER AYAĞA KALKTI
]]></system-out>
  </testcase>
</testsuite>